11:56:55 **** Build of project boot_bsp ****
make -k all 
"Running Make include in microblaze_0/libsrc/bram_v4_1/src"
make -C microblaze_0/libsrc/bram_v4_1/src -s include  "SHELL=CMD" "COMPILER=mb-gcc" "ARCHIVER=mb-ar" "COMPILER_FLAGS= -O2 -c -mcpu=v10.0 -mlittle-endian -mxl-soft-mul" "EXTRA_COMPILER_FLAGS=-g"
"Running Make include in microblaze_0/libsrc/cpu_v2_5/src"
make -C microblaze_0/libsrc/cpu_v2_5/src -s include  "SHELL=CMD" "COMPILER=mb-gcc" "ARCHIVER=mb-ar" "COMPILER_FLAGS= -O2 -c -mcpu=v10.0 -mlittle-endian -mxl-soft-mul" "EXTRA_COMPILER_FLAGS=-g"
"Running Make include in microblaze_0/libsrc/gpio_v4_2/src"
make -C microblaze_0/libsrc/gpio_v4_2/src -s include  "SHELL=CMD" "COMPILER=mb-gcc" "ARCHIVER=mb-ar" "COMPILER_FLAGS= -O2 -c -mcpu=v10.0 -mlittle-endian -mxl-soft-mul" "EXTRA_COMPILER_FLAGS=-g"
"Running Make include in microblaze_0/libsrc/spi_v4_2/src"
make -C microblaze_0/libsrc/spi_v4_2/src -s include  "SHELL=CMD" "COMPILER=mb-gcc" "ARCHIVER=mb-ar" "COMPILER_FLAGS= -O2 -c -mcpu=v10.0 -mlittle-endian -mxl-soft-mul" "EXTRA_COMPILER_FLAGS=-g"
"Running Make include in microblaze_0/libsrc/standalone_v6_0/src"
make -C microblaze_0/libsrc/standalone_v6_0/src -s include  "SHELL=CMD" "COMPILER=mb-gcc" "ARCHIVER=mb-ar" "COMPILER_FLAGS= -O2 -c -mcpu=v10.0 -mlittle-endian -mxl-soft-mul" "EXTRA_COMPILER_FLAGS=-g"
"Running Make include in microblaze_0/libsrc/sysmon_v7_3/src"
make -C microblaze_0/libsrc/sysmon_v7_3/src -s include  "SHELL=CMD" "COMPILER=mb-gcc" "ARCHIVER=mb-ar" "COMPILER_FLAGS= -O2 -c -mcpu=v10.0 -mlittle-endian -mxl-soft-mul" "EXTRA_COMPILER_FLAGS=-g"
"Running Make include in microblaze_0/libsrc/uartlite_v3_2/src"
make -C microblaze_0/libsrc/uartlite_v3_2/src -s include  "SHELL=CMD" "COMPILER=mb-gcc" "ARCHIVER=mb-ar" "COMPILER_FLAGS= -O2 -c -mcpu=v10.0 -mlittle-endian -mxl-soft-mul" "EXTRA_COMPILER_FLAGS=-g"
"Running Make include in microblaze_0/libsrc/xilisf_v5_7/src"
make -C microblaze_0/libsrc/xilisf_v5_7/src -s include  "SHELL=CMD" "COMPILER=mb-gcc" "ARCHIVER=mb-ar" "COMPILER_FLAGS= -O2 -c -mcpu=v10.0 -mlittle-endian -mxl-soft-mul" "EXTRA_COMPILER_FLAGS=-g"
"Running Make libs in microblaze_0/libsrc/bram_v4_1/src"
make -C microblaze_0/libsrc/bram_v4_1/src -s libs  "SHELL=CMD" "COMPILER=mb-gcc" "ARCHIVER=mb-ar" "COMPILER_FLAGS= -O2 -c -mcpu=v10.0 -mlittle-endian -mxl-soft-mul" "EXTRA_COMPILER_FLAGS=-g"
"Compiling bram"
mb-ar: creating ../../../lib/libxil.a
"Running Make libs in microblaze_0/libsrc/cpu_v2_5/src"
make -C microblaze_0/libsrc/cpu_v2_5/src -s libs  "SHELL=CMD" "COMPILER=mb-gcc" "ARCHIVER=mb-ar" "COMPILER_FLAGS= -O2 -c -mcpu=v10.0 -mlittle-endian -mxl-soft-mul" "EXTRA_COMPILER_FLAGS=-g"
"Compiling cpu"
"Running Make libs in microblaze_0/libsrc/gpio_v4_2/src"
make -C microblaze_0/libsrc/gpio_v4_2/src -s libs  "SHELL=CMD" "COMPILER=mb-gcc" "ARCHIVER=mb-ar" "COMPILER_FLAGS= -O2 -c -mcpu=v10.0 -mlittle-endian -mxl-soft-mul" "EXTRA_COMPILER_FLAGS=-g"
"Compiling gpio"
"Running Make libs in microblaze_0/libsrc/spi_v4_2/src"
make -C microblaze_0/libsrc/spi_v4_2/src -s libs  "SHELL=CMD" "COMPILER=mb-gcc" "ARCHIVER=mb-ar" "COMPILER_FLAGS= -O2 -c -mcpu=v10.0 -mlittle-endian -mxl-soft-mul" "EXTRA_COMPILER_FLAGS=-g"
"Compiling spi"
"Running Make libs in microblaze_0/libsrc/standalone_v6_0/src"
make -C microblaze_0/libsrc/standalone_v6_0/src -s libs  "SHELL=CMD" "COMPILER=mb-gcc" "ARCHIVER=mb-ar" "COMPILER_FLAGS= -O2 -c -mcpu=v10.0 -mlittle-endian -mxl-soft-mul" "EXTRA_COMPILER_FLAGS=-g"
"Compiling standalone";
"Running Make libs in microblaze_0/libsrc/sysmon_v7_3/src"
make -C microblaze_0/libsrc/sysmon_v7_3/src -s libs  "SHELL=CMD" "COMPILER=mb-gcc" "ARCHIVER=mb-ar" "COMPILER_FLAGS= -O2 -c -mcpu=v10.0 -mlittle-endian -mxl-soft-mul" "EXTRA_COMPILER_FLAGS=-g"
"Compiling sysmon"
"Running Make libs in microblaze_0/libsrc/uartlite_v3_2/src"
make -C microblaze_0/libsrc/uartlite_v3_2/src -s libs  "SHELL=CMD" "COMPILER=mb-gcc" "ARCHIVER=mb-ar" "COMPILER_FLAGS= -O2 -c -mcpu=v10.0 -mlittle-endian -mxl-soft-mul" "EXTRA_COMPILER_FLAGS=-g"
"Compiling uartlite"
"Running Make libs in microblaze_0/libsrc/xilisf_v5_7/src"
make -C microblaze_0/libsrc/xilisf_v5_7/src -s libs  "SHELL=CMD" "COMPILER=mb-gcc" "ARCHIVER=mb-ar" "COMPILER_FLAGS= -O2 -c -mcpu=v10.0 -mlittle-endian -mxl-soft-mul" "EXTRA_COMPILER_FLAGS=-g"
"Compiling XilIsf Library"
xilisf.c: In function 'XIsf_RegisterInterface':
xilisf.c:1342:37: warning: assignment from incompatible pointer type [-Wincompatible-pointer-types]
  InstancePtr->XIsf_Iface_SetOptions = XSpi_SetOptions;
                                     ^
xilisf.c:1343:41: warning: assignment from incompatible pointer type [-Wincompatible-pointer-types]
  InstancePtr->XIsf_Iface_SetSlaveSelect = XSpi_SetSlaveSelect;
                                         ^
xilisf.c:1344:35: warning: assignment from incompatible pointer type [-Wincompatible-pointer-types]
  InstancePtr->XIsf_Iface_Transfer = XSpi_Transfer;
                                   ^
'Finished building libraries'

11:56:58 Build Finished (took 3s.303ms)

