21:37:32 INFO  : Registering command handlers for SDK TCF services
21:37:32 INFO  : Launching XSCT server: xsct.bat -interactive D:\Nora\cmod_a7_projects\blabla\blabla.sdk\temp_xsdb_launch_script.tcl
21:37:34 INFO  : XSCT server has started successfully.
21:37:34 INFO  : Successfully done setting XSCT server connection channel  
21:37:34 INFO  : Successfully done setting SDK workspace  
21:37:34 INFO  : Processing command line option -hwspec D:/Nora/cmod_a7_projects/blabla/blabla.sdk/design_1_wrapper.hdf.
21:39:09 INFO  : 'targets -set -filter {jtag_cable_name =~ "Digilent Cmod A7 - 15T 210328A2B3E4A" && level==0} -index 0' command is executed.
21:39:09 INFO  : 'fpga -state' command is executed.
21:39:09 INFO  : Connected to target on host '127.0.0.1' and port '3121'.
21:39:09 INFO  : Jtag cable 'Digilent Cmod A7 - 15T 210328A2B3E4A' is selected.
21:39:09 INFO  : 'jtag frequency' command is executed.
21:39:09 INFO  : Context for processor 'microblaze_0' is selected.
21:39:09 INFO  : Hardware design information is loaded from 'D:/Nora/cmod_a7_projects/blabla/blabla.sdk/design_1_wrapper_hw_platform_0/system.hdf'.
21:39:09 INFO  : Context for processor 'microblaze_0' is selected.
21:39:09 INFO  : Processor reset is completed for 'microblaze_0'.
21:39:09 INFO  : Context for processor 'microblaze_0' is selected.
21:39:09 INFO  : The application 'D:/Nora/cmod_a7_projects/blabla/blabla.sdk/adc/Debug/adc.elf' is downloaded to processor 'microblaze_0'.
21:39:09 INFO  : ----------------XSDB Script----------------
connect -url tcp:127.0.0.1:3121
targets -set -nocase -filter {name =~ "microblaze*#0" && bscan=="USER2"  && jtag_cable_name =~ "Digilent Cmod A7 - 15T 210328A2B3E4A"} -index 0
loadhw D:/Nora/cmod_a7_projects/blabla/blabla.sdk/design_1_wrapper_hw_platform_0/system.hdf
targets -set -nocase -filter {name =~ "microblaze*#0" && bscan=="USER2"  && jtag_cable_name =~ "Digilent Cmod A7 - 15T 210328A2B3E4A"} -index 0
rst -processor
targets -set -nocase -filter {name =~ "microblaze*#0" && bscan=="USER2"  && jtag_cable_name =~ "Digilent Cmod A7 - 15T 210328A2B3E4A"} -index 0
dow D:/Nora/cmod_a7_projects/blabla/blabla.sdk/adc/Debug/adc.elf
----------------End of Script----------------

21:39:09 INFO  : Memory regions updated for context MicroBlaze #0
21:39:09 INFO  : Memory regions updated for context MicroBlaze #0
21:39:09 INFO  : Context for processor 'microblaze_0' is selected.
21:39:09 INFO  : 'con' command is executed.
21:39:09 INFO  : ----------------XSDB Script (After Launch)----------------
targets -set -nocase -filter {name =~ "microblaze*#0" && bscan=="USER2"  && jtag_cable_name =~ "Digilent Cmod A7 - 15T 210328A2B3E4A"} -index 0
con
----------------End of Script----------------

21:39:09 INFO  : Launch script is exported to file 'D:\Nora\cmod_a7_projects\blabla\blabla.sdk\.sdk\launch_scripts\xilinx_c-c++_application_(system_debugger)\system_debugger_using_debug_adc.elf_on_local.tcl'
21:43:53 INFO  : Disconnected from the channel tcfchan#1.
21:43:54 INFO  : 'targets -set -filter {jtag_cable_name =~ "Digilent Cmod A7 - 15T 210328A2B3E4A" && level==0} -index 0' command is executed.
21:43:54 INFO  : 'fpga -state' command is executed.
21:43:54 INFO  : Connected to target on host '127.0.0.1' and port '3121'.
21:43:54 INFO  : Jtag cable 'Digilent Cmod A7 - 15T 210328A2B3E4A' is selected.
21:43:54 INFO  : 'jtag frequency' command is executed.
21:43:54 INFO  : Context for processor 'microblaze_0' is selected.
21:43:54 INFO  : Hardware design information is loaded from 'D:/Nora/cmod_a7_projects/blabla/blabla.sdk/design_1_wrapper_hw_platform_0/system.hdf'.
21:43:54 INFO  : Context for processor 'microblaze_0' is selected.
21:43:54 INFO  : Processor reset is completed for 'microblaze_0'.
21:43:54 INFO  : Context for processor 'microblaze_0' is selected.
21:43:55 INFO  : The application 'D:/Nora/cmod_a7_projects/blabla/blabla.sdk/adc/Debug/adc.elf' is downloaded to processor 'microblaze_0'.
21:43:55 INFO  : ----------------XSDB Script----------------
connect -url tcp:127.0.0.1:3121
targets -set -nocase -filter {name =~ "microblaze*#0" && bscan=="USER2"  && jtag_cable_name =~ "Digilent Cmod A7 - 15T 210328A2B3E4A"} -index 0
loadhw D:/Nora/cmod_a7_projects/blabla/blabla.sdk/design_1_wrapper_hw_platform_0/system.hdf
targets -set -nocase -filter {name =~ "microblaze*#0" && bscan=="USER2"  && jtag_cable_name =~ "Digilent Cmod A7 - 15T 210328A2B3E4A"} -index 0
rst -processor
targets -set -nocase -filter {name =~ "microblaze*#0" && bscan=="USER2"  && jtag_cable_name =~ "Digilent Cmod A7 - 15T 210328A2B3E4A"} -index 0
dow D:/Nora/cmod_a7_projects/blabla/blabla.sdk/adc/Debug/adc.elf
----------------End of Script----------------

21:43:55 INFO  : Memory regions updated for context MicroBlaze #0
21:43:55 INFO  : Memory regions updated for context MicroBlaze #0
21:43:55 INFO  : Context for processor 'microblaze_0' is selected.
21:43:55 INFO  : 'con' command is executed.
21:43:55 INFO  : ----------------XSDB Script (After Launch)----------------
targets -set -nocase -filter {name =~ "microblaze*#0" && bscan=="USER2"  && jtag_cable_name =~ "Digilent Cmod A7 - 15T 210328A2B3E4A"} -index 0
con
----------------End of Script----------------

21:43:55 INFO  : Launch script is exported to file 'D:\Nora\cmod_a7_projects\blabla\blabla.sdk\.sdk\launch_scripts\xilinx_c-c++_application_(system_debugger)\system_debugger_using_debug_adc.elf_on_local.tcl'
21:47:24 INFO  : Disconnected from the channel tcfchan#2.
21:47:25 INFO  : 'targets -set -filter {jtag_cable_name =~ "Digilent Cmod A7 - 15T 210328A2B3E4A" && level==0} -index 0' command is executed.
21:47:25 INFO  : 'fpga -state' command is executed.
21:47:25 INFO  : Connected to target on host '127.0.0.1' and port '3121'.
21:47:25 INFO  : Jtag cable 'Digilent Cmod A7 - 15T 210328A2B3E4A' is selected.
21:47:25 INFO  : 'jtag frequency' command is executed.
21:47:25 INFO  : Context for processor 'microblaze_0' is selected.
21:47:25 INFO  : Hardware design information is loaded from 'D:/Nora/cmod_a7_projects/blabla/blabla.sdk/design_1_wrapper_hw_platform_0/system.hdf'.
21:47:25 INFO  : Context for processor 'microblaze_0' is selected.
21:47:25 INFO  : Processor reset is completed for 'microblaze_0'.
21:47:25 INFO  : Context for processor 'microblaze_0' is selected.
21:47:26 INFO  : The application 'D:/Nora/cmod_a7_projects/blabla/blabla.sdk/adc/Debug/adc.elf' is downloaded to processor 'microblaze_0'.
21:47:26 INFO  : ----------------XSDB Script----------------
connect -url tcp:127.0.0.1:3121
targets -set -nocase -filter {name =~ "microblaze*#0" && bscan=="USER2"  && jtag_cable_name =~ "Digilent Cmod A7 - 15T 210328A2B3E4A"} -index 0
loadhw D:/Nora/cmod_a7_projects/blabla/blabla.sdk/design_1_wrapper_hw_platform_0/system.hdf
targets -set -nocase -filter {name =~ "microblaze*#0" && bscan=="USER2"  && jtag_cable_name =~ "Digilent Cmod A7 - 15T 210328A2B3E4A"} -index 0
rst -processor
targets -set -nocase -filter {name =~ "microblaze*#0" && bscan=="USER2"  && jtag_cable_name =~ "Digilent Cmod A7 - 15T 210328A2B3E4A"} -index 0
dow D:/Nora/cmod_a7_projects/blabla/blabla.sdk/adc/Debug/adc.elf
----------------End of Script----------------

21:47:26 INFO  : Memory regions updated for context MicroBlaze #0
21:47:26 INFO  : Memory regions updated for context MicroBlaze #0
21:47:26 INFO  : Context for processor 'microblaze_0' is selected.
21:47:26 INFO  : 'con' command is executed.
21:47:26 INFO  : ----------------XSDB Script (After Launch)----------------
targets -set -nocase -filter {name =~ "microblaze*#0" && bscan=="USER2"  && jtag_cable_name =~ "Digilent Cmod A7 - 15T 210328A2B3E4A"} -index 0
con
----------------End of Script----------------

21:47:26 INFO  : Launch script is exported to file 'D:\Nora\cmod_a7_projects\blabla\blabla.sdk\.sdk\launch_scripts\xilinx_c-c++_application_(system_debugger)\system_debugger_using_debug_adc.elf_on_local.tcl'
21:48:48 INFO  : Disconnected from the channel tcfchan#3.
21:48:49 INFO  : 'targets -set -filter {jtag_cable_name =~ "Digilent Cmod A7 - 15T 210328A2B3E4A" && level==0} -index 0' command is executed.
21:48:49 INFO  : 'fpga -state' command is executed.
21:48:49 INFO  : Connected to target on host '127.0.0.1' and port '3121'.
21:48:49 INFO  : Jtag cable 'Digilent Cmod A7 - 15T 210328A2B3E4A' is selected.
21:48:49 INFO  : 'jtag frequency' command is executed.
21:48:49 INFO  : Context for processor 'microblaze_0' is selected.
21:48:49 INFO  : Hardware design information is loaded from 'D:/Nora/cmod_a7_projects/blabla/blabla.sdk/design_1_wrapper_hw_platform_0/system.hdf'.
21:48:49 INFO  : Context for processor 'microblaze_0' is selected.
21:48:49 INFO  : Processor reset is completed for 'microblaze_0'.
21:48:49 INFO  : Context for processor 'microblaze_0' is selected.
21:48:49 INFO  : The application 'D:/Nora/cmod_a7_projects/blabla/blabla.sdk/adc/Debug/adc.elf' is downloaded to processor 'microblaze_0'.
21:48:49 INFO  : ----------------XSDB Script----------------
connect -url tcp:127.0.0.1:3121
targets -set -nocase -filter {name =~ "microblaze*#0" && bscan=="USER2"  && jtag_cable_name =~ "Digilent Cmod A7 - 15T 210328A2B3E4A"} -index 0
loadhw D:/Nora/cmod_a7_projects/blabla/blabla.sdk/design_1_wrapper_hw_platform_0/system.hdf
targets -set -nocase -filter {name =~ "microblaze*#0" && bscan=="USER2"  && jtag_cable_name =~ "Digilent Cmod A7 - 15T 210328A2B3E4A"} -index 0
rst -processor
targets -set -nocase -filter {name =~ "microblaze*#0" && bscan=="USER2"  && jtag_cable_name =~ "Digilent Cmod A7 - 15T 210328A2B3E4A"} -index 0
dow D:/Nora/cmod_a7_projects/blabla/blabla.sdk/adc/Debug/adc.elf
----------------End of Script----------------

21:48:49 INFO  : Memory regions updated for context MicroBlaze #0
21:48:49 INFO  : Memory regions updated for context MicroBlaze #0
21:48:49 INFO  : Context for processor 'microblaze_0' is selected.
21:48:49 INFO  : 'con' command is executed.
21:48:49 INFO  : ----------------XSDB Script (After Launch)----------------
targets -set -nocase -filter {name =~ "microblaze*#0" && bscan=="USER2"  && jtag_cable_name =~ "Digilent Cmod A7 - 15T 210328A2B3E4A"} -index 0
con
----------------End of Script----------------

21:48:49 INFO  : Launch script is exported to file 'D:\Nora\cmod_a7_projects\blabla\blabla.sdk\.sdk\launch_scripts\xilinx_c-c++_application_(system_debugger)\system_debugger_using_debug_adc.elf_on_local.tcl'
21:52:22 INFO  : Disconnected from the channel tcfchan#4.
21:52:23 INFO  : 'targets -set -filter {jtag_cable_name =~ "Digilent Cmod A7 - 15T 210328A2B3E4A" && level==0} -index 0' command is executed.
21:52:23 INFO  : 'fpga -state' command is executed.
21:52:23 INFO  : Connected to target on host '127.0.0.1' and port '3121'.
21:52:24 INFO  : Jtag cable 'Digilent Cmod A7 - 15T 210328A2B3E4A' is selected.
21:52:24 INFO  : 'jtag frequency' command is executed.
21:52:24 INFO  : Context for processor 'microblaze_0' is selected.
21:52:24 INFO  : Hardware design information is loaded from 'D:/Nora/cmod_a7_projects/blabla/blabla.sdk/design_1_wrapper_hw_platform_0/system.hdf'.
21:52:24 INFO  : Context for processor 'microblaze_0' is selected.
21:52:24 INFO  : Processor reset is completed for 'microblaze_0'.
21:52:24 INFO  : Context for processor 'microblaze_0' is selected.
21:52:24 INFO  : The application 'D:/Nora/cmod_a7_projects/blabla/blabla.sdk/adc/Debug/adc.elf' is downloaded to processor 'microblaze_0'.
21:52:24 INFO  : ----------------XSDB Script----------------
connect -url tcp:127.0.0.1:3121
targets -set -nocase -filter {name =~ "microblaze*#0" && bscan=="USER2"  && jtag_cable_name =~ "Digilent Cmod A7 - 15T 210328A2B3E4A"} -index 0
loadhw D:/Nora/cmod_a7_projects/blabla/blabla.sdk/design_1_wrapper_hw_platform_0/system.hdf
targets -set -nocase -filter {name =~ "microblaze*#0" && bscan=="USER2"  && jtag_cable_name =~ "Digilent Cmod A7 - 15T 210328A2B3E4A"} -index 0
rst -processor
targets -set -nocase -filter {name =~ "microblaze*#0" && bscan=="USER2"  && jtag_cable_name =~ "Digilent Cmod A7 - 15T 210328A2B3E4A"} -index 0
dow D:/Nora/cmod_a7_projects/blabla/blabla.sdk/adc/Debug/adc.elf
----------------End of Script----------------

21:52:24 INFO  : Memory regions updated for context MicroBlaze #0
21:52:24 INFO  : Memory regions updated for context MicroBlaze #0
21:52:24 INFO  : Context for processor 'microblaze_0' is selected.
21:52:24 INFO  : 'con' command is executed.
21:52:24 INFO  : ----------------XSDB Script (After Launch)----------------
targets -set -nocase -filter {name =~ "microblaze*#0" && bscan=="USER2"  && jtag_cable_name =~ "Digilent Cmod A7 - 15T 210328A2B3E4A"} -index 0
con
----------------End of Script----------------

21:52:24 INFO  : Launch script is exported to file 'D:\Nora\cmod_a7_projects\blabla\blabla.sdk\.sdk\launch_scripts\xilinx_c-c++_application_(system_debugger)\system_debugger_using_debug_adc.elf_on_local.tcl'
21:52:57 INFO  : Disconnected from the channel tcfchan#5.
21:52:58 INFO  : 'targets -set -filter {jtag_cable_name =~ "Digilent Cmod A7 - 15T 210328A2B3E4A" && level==0} -index 0' command is executed.
21:52:58 INFO  : 'fpga -state' command is executed.
21:52:58 INFO  : Connected to target on host '127.0.0.1' and port '3121'.
21:52:59 INFO  : Jtag cable 'Digilent Cmod A7 - 15T 210328A2B3E4A' is selected.
21:52:59 INFO  : 'jtag frequency' command is executed.
21:52:59 INFO  : Context for processor 'microblaze_0' is selected.
21:52:59 INFO  : Hardware design information is loaded from 'D:/Nora/cmod_a7_projects/blabla/blabla.sdk/design_1_wrapper_hw_platform_0/system.hdf'.
21:52:59 INFO  : Context for processor 'microblaze_0' is selected.
21:52:59 INFO  : Processor reset is completed for 'microblaze_0'.
21:52:59 INFO  : Context for processor 'microblaze_0' is selected.
21:52:59 INFO  : The application 'D:/Nora/cmod_a7_projects/blabla/blabla.sdk/adc/Debug/adc.elf' is downloaded to processor 'microblaze_0'.
21:52:59 INFO  : ----------------XSDB Script----------------
connect -url tcp:127.0.0.1:3121
targets -set -nocase -filter {name =~ "microblaze*#0" && bscan=="USER2"  && jtag_cable_name =~ "Digilent Cmod A7 - 15T 210328A2B3E4A"} -index 0
loadhw D:/Nora/cmod_a7_projects/blabla/blabla.sdk/design_1_wrapper_hw_platform_0/system.hdf
targets -set -nocase -filter {name =~ "microblaze*#0" && bscan=="USER2"  && jtag_cable_name =~ "Digilent Cmod A7 - 15T 210328A2B3E4A"} -index 0
rst -processor
targets -set -nocase -filter {name =~ "microblaze*#0" && bscan=="USER2"  && jtag_cable_name =~ "Digilent Cmod A7 - 15T 210328A2B3E4A"} -index 0
dow D:/Nora/cmod_a7_projects/blabla/blabla.sdk/adc/Debug/adc.elf
----------------End of Script----------------

21:52:59 INFO  : Memory regions updated for context MicroBlaze #0
21:52:59 INFO  : Memory regions updated for context MicroBlaze #0
21:52:59 INFO  : Context for processor 'microblaze_0' is selected.
21:52:59 INFO  : 'con' command is executed.
21:52:59 INFO  : ----------------XSDB Script (After Launch)----------------
targets -set -nocase -filter {name =~ "microblaze*#0" && bscan=="USER2"  && jtag_cable_name =~ "Digilent Cmod A7 - 15T 210328A2B3E4A"} -index 0
con
----------------End of Script----------------

21:52:59 INFO  : Launch script is exported to file 'D:\Nora\cmod_a7_projects\blabla\blabla.sdk\.sdk\launch_scripts\xilinx_c-c++_application_(system_debugger)\system_debugger_using_debug_adc.elf_on_local.tcl'
21:54:06 INFO  : Disconnected from the channel tcfchan#6.
21:54:07 INFO  : 'targets -set -filter {jtag_cable_name =~ "Digilent Cmod A7 - 15T 210328A2B3E4A" && level==0} -index 0' command is executed.
21:54:07 INFO  : 'fpga -state' command is executed.
21:54:07 INFO  : Connected to target on host '127.0.0.1' and port '3121'.
21:54:08 INFO  : Jtag cable 'Digilent Cmod A7 - 15T 210328A2B3E4A' is selected.
21:54:08 INFO  : 'jtag frequency' command is executed.
21:54:08 INFO  : Context for processor 'microblaze_0' is selected.
21:54:08 INFO  : Hardware design information is loaded from 'D:/Nora/cmod_a7_projects/blabla/blabla.sdk/design_1_wrapper_hw_platform_0/system.hdf'.
21:54:08 INFO  : Context for processor 'microblaze_0' is selected.
21:54:08 INFO  : Processor reset is completed for 'microblaze_0'.
21:54:08 INFO  : Context for processor 'microblaze_0' is selected.
21:54:08 INFO  : The application 'D:/Nora/cmod_a7_projects/blabla/blabla.sdk/adc/Debug/adc.elf' is downloaded to processor 'microblaze_0'.
21:54:08 INFO  : ----------------XSDB Script----------------
connect -url tcp:127.0.0.1:3121
targets -set -nocase -filter {name =~ "microblaze*#0" && bscan=="USER2"  && jtag_cable_name =~ "Digilent Cmod A7 - 15T 210328A2B3E4A"} -index 0
loadhw D:/Nora/cmod_a7_projects/blabla/blabla.sdk/design_1_wrapper_hw_platform_0/system.hdf
targets -set -nocase -filter {name =~ "microblaze*#0" && bscan=="USER2"  && jtag_cable_name =~ "Digilent Cmod A7 - 15T 210328A2B3E4A"} -index 0
rst -processor
targets -set -nocase -filter {name =~ "microblaze*#0" && bscan=="USER2"  && jtag_cable_name =~ "Digilent Cmod A7 - 15T 210328A2B3E4A"} -index 0
dow D:/Nora/cmod_a7_projects/blabla/blabla.sdk/adc/Debug/adc.elf
----------------End of Script----------------

21:54:08 INFO  : Memory regions updated for context MicroBlaze #0
21:54:08 INFO  : Memory regions updated for context MicroBlaze #0
21:54:08 INFO  : Context for processor 'microblaze_0' is selected.
21:54:08 INFO  : 'con' command is executed.
21:54:08 INFO  : ----------------XSDB Script (After Launch)----------------
targets -set -nocase -filter {name =~ "microblaze*#0" && bscan=="USER2"  && jtag_cable_name =~ "Digilent Cmod A7 - 15T 210328A2B3E4A"} -index 0
con
----------------End of Script----------------

21:54:08 INFO  : Launch script is exported to file 'D:\Nora\cmod_a7_projects\blabla\blabla.sdk\.sdk\launch_scripts\xilinx_c-c++_application_(system_debugger)\system_debugger_using_debug_adc.elf_on_local.tcl'
21:54:25 INFO  : Disconnected from the channel tcfchan#7.
21:54:26 INFO  : 'targets -set -filter {jtag_cable_name =~ "Digilent Cmod A7 - 15T 210328A2B3E4A" && level==0} -index 0' command is executed.
21:54:26 INFO  : 'fpga -state' command is executed.
21:54:26 INFO  : Connected to target on host '127.0.0.1' and port '3121'.
21:54:26 INFO  : Jtag cable 'Digilent Cmod A7 - 15T 210328A2B3E4A' is selected.
21:54:26 INFO  : 'jtag frequency' command is executed.
21:54:26 INFO  : Context for processor 'microblaze_0' is selected.
21:54:26 INFO  : Hardware design information is loaded from 'D:/Nora/cmod_a7_projects/blabla/blabla.sdk/design_1_wrapper_hw_platform_0/system.hdf'.
21:54:26 INFO  : Context for processor 'microblaze_0' is selected.
21:54:26 INFO  : Processor reset is completed for 'microblaze_0'.
21:54:26 INFO  : Context for processor 'microblaze_0' is selected.
21:54:27 INFO  : The application 'D:/Nora/cmod_a7_projects/blabla/blabla.sdk/adc/Debug/adc.elf' is downloaded to processor 'microblaze_0'.
21:54:27 INFO  : ----------------XSDB Script----------------
connect -url tcp:127.0.0.1:3121
targets -set -nocase -filter {name =~ "microblaze*#0" && bscan=="USER2"  && jtag_cable_name =~ "Digilent Cmod A7 - 15T 210328A2B3E4A"} -index 0
loadhw D:/Nora/cmod_a7_projects/blabla/blabla.sdk/design_1_wrapper_hw_platform_0/system.hdf
targets -set -nocase -filter {name =~ "microblaze*#0" && bscan=="USER2"  && jtag_cable_name =~ "Digilent Cmod A7 - 15T 210328A2B3E4A"} -index 0
rst -processor
targets -set -nocase -filter {name =~ "microblaze*#0" && bscan=="USER2"  && jtag_cable_name =~ "Digilent Cmod A7 - 15T 210328A2B3E4A"} -index 0
dow D:/Nora/cmod_a7_projects/blabla/blabla.sdk/adc/Debug/adc.elf
----------------End of Script----------------

21:54:27 INFO  : Memory regions updated for context MicroBlaze #0
21:54:27 INFO  : Memory regions updated for context MicroBlaze #0
21:54:27 INFO  : Context for processor 'microblaze_0' is selected.
21:54:27 INFO  : 'con' command is executed.
21:54:27 INFO  : ----------------XSDB Script (After Launch)----------------
targets -set -nocase -filter {name =~ "microblaze*#0" && bscan=="USER2"  && jtag_cable_name =~ "Digilent Cmod A7 - 15T 210328A2B3E4A"} -index 0
con
----------------End of Script----------------

21:54:27 INFO  : Launch script is exported to file 'D:\Nora\cmod_a7_projects\blabla\blabla.sdk\.sdk\launch_scripts\xilinx_c-c++_application_(system_debugger)\system_debugger_using_debug_adc.elf_on_local.tcl'
21:55:07 INFO  : Disconnected from the channel tcfchan#8.
21:55:08 INFO  : 'targets -set -filter {jtag_cable_name =~ "Digilent Cmod A7 - 15T 210328A2B3E4A" && level==0} -index 0' command is executed.
21:55:08 INFO  : 'fpga -state' command is executed.
21:55:08 INFO  : Connected to target on host '127.0.0.1' and port '3121'.
21:55:08 INFO  : Jtag cable 'Digilent Cmod A7 - 15T 210328A2B3E4A' is selected.
21:55:08 INFO  : 'jtag frequency' command is executed.
21:55:08 INFO  : Context for processor 'microblaze_0' is selected.
21:55:08 INFO  : Hardware design information is loaded from 'D:/Nora/cmod_a7_projects/blabla/blabla.sdk/design_1_wrapper_hw_platform_0/system.hdf'.
21:55:08 INFO  : Context for processor 'microblaze_0' is selected.
21:55:08 INFO  : Processor reset is completed for 'microblaze_0'.
21:55:08 INFO  : Context for processor 'microblaze_0' is selected.
21:55:09 INFO  : The application 'D:/Nora/cmod_a7_projects/blabla/blabla.sdk/adc/Debug/adc.elf' is downloaded to processor 'microblaze_0'.
21:55:09 INFO  : ----------------XSDB Script----------------
connect -url tcp:127.0.0.1:3121
targets -set -nocase -filter {name =~ "microblaze*#0" && bscan=="USER2"  && jtag_cable_name =~ "Digilent Cmod A7 - 15T 210328A2B3E4A"} -index 0
loadhw D:/Nora/cmod_a7_projects/blabla/blabla.sdk/design_1_wrapper_hw_platform_0/system.hdf
targets -set -nocase -filter {name =~ "microblaze*#0" && bscan=="USER2"  && jtag_cable_name =~ "Digilent Cmod A7 - 15T 210328A2B3E4A"} -index 0
rst -processor
targets -set -nocase -filter {name =~ "microblaze*#0" && bscan=="USER2"  && jtag_cable_name =~ "Digilent Cmod A7 - 15T 210328A2B3E4A"} -index 0
dow D:/Nora/cmod_a7_projects/blabla/blabla.sdk/adc/Debug/adc.elf
----------------End of Script----------------

21:55:09 INFO  : Memory regions updated for context MicroBlaze #0
21:55:09 INFO  : Memory regions updated for context MicroBlaze #0
21:55:09 INFO  : Context for processor 'microblaze_0' is selected.
21:55:09 INFO  : 'con' command is executed.
21:55:09 INFO  : ----------------XSDB Script (After Launch)----------------
targets -set -nocase -filter {name =~ "microblaze*#0" && bscan=="USER2"  && jtag_cable_name =~ "Digilent Cmod A7 - 15T 210328A2B3E4A"} -index 0
con
----------------End of Script----------------

21:55:09 INFO  : Launch script is exported to file 'D:\Nora\cmod_a7_projects\blabla\blabla.sdk\.sdk\launch_scripts\xilinx_c-c++_application_(system_debugger)\system_debugger_using_debug_adc.elf_on_local.tcl'
21:55:38 INFO  : Disconnected from the channel tcfchan#9.
21:55:39 INFO  : 'targets -set -filter {jtag_cable_name =~ "Digilent Cmod A7 - 15T 210328A2B3E4A" && level==0} -index 0' command is executed.
21:55:39 INFO  : 'fpga -state' command is executed.
21:55:39 INFO  : Connected to target on host '127.0.0.1' and port '3121'.
21:55:40 INFO  : Jtag cable 'Digilent Cmod A7 - 15T 210328A2B3E4A' is selected.
21:55:40 INFO  : 'jtag frequency' command is executed.
21:55:40 INFO  : Context for processor 'microblaze_0' is selected.
21:55:40 INFO  : Hardware design information is loaded from 'D:/Nora/cmod_a7_projects/blabla/blabla.sdk/design_1_wrapper_hw_platform_0/system.hdf'.
21:55:40 INFO  : Context for processor 'microblaze_0' is selected.
21:55:40 INFO  : Processor reset is completed for 'microblaze_0'.
21:55:40 INFO  : Context for processor 'microblaze_0' is selected.
21:55:40 INFO  : The application 'D:/Nora/cmod_a7_projects/blabla/blabla.sdk/adc/Debug/adc.elf' is downloaded to processor 'microblaze_0'.
21:55:40 INFO  : ----------------XSDB Script----------------
connect -url tcp:127.0.0.1:3121
targets -set -nocase -filter {name =~ "microblaze*#0" && bscan=="USER2"  && jtag_cable_name =~ "Digilent Cmod A7 - 15T 210328A2B3E4A"} -index 0
loadhw D:/Nora/cmod_a7_projects/blabla/blabla.sdk/design_1_wrapper_hw_platform_0/system.hdf
targets -set -nocase -filter {name =~ "microblaze*#0" && bscan=="USER2"  && jtag_cable_name =~ "Digilent Cmod A7 - 15T 210328A2B3E4A"} -index 0
rst -processor
targets -set -nocase -filter {name =~ "microblaze*#0" && bscan=="USER2"  && jtag_cable_name =~ "Digilent Cmod A7 - 15T 210328A2B3E4A"} -index 0
dow D:/Nora/cmod_a7_projects/blabla/blabla.sdk/adc/Debug/adc.elf
----------------End of Script----------------

21:55:40 INFO  : Memory regions updated for context MicroBlaze #0
21:55:40 INFO  : Memory regions updated for context MicroBlaze #0
21:55:40 INFO  : Context for processor 'microblaze_0' is selected.
21:55:40 INFO  : 'con' command is executed.
21:55:40 INFO  : ----------------XSDB Script (After Launch)----------------
targets -set -nocase -filter {name =~ "microblaze*#0" && bscan=="USER2"  && jtag_cable_name =~ "Digilent Cmod A7 - 15T 210328A2B3E4A"} -index 0
con
----------------End of Script----------------

21:55:40 INFO  : Launch script is exported to file 'D:\Nora\cmod_a7_projects\blabla\blabla.sdk\.sdk\launch_scripts\xilinx_c-c++_application_(system_debugger)\system_debugger_using_debug_adc.elf_on_local.tcl'
21:55:56 INFO  : Disconnected from the channel tcfchan#10.
21:55:57 INFO  : 'targets -set -filter {jtag_cable_name =~ "Digilent Cmod A7 - 15T 210328A2B3E4A" && level==0} -index 0' command is executed.
21:55:57 INFO  : 'fpga -state' command is executed.
21:55:57 INFO  : Connected to target on host '127.0.0.1' and port '3121'.
21:55:57 INFO  : Jtag cable 'Digilent Cmod A7 - 15T 210328A2B3E4A' is selected.
21:55:57 INFO  : 'jtag frequency' command is executed.
21:55:57 INFO  : Context for processor 'microblaze_0' is selected.
21:55:58 INFO  : Hardware design information is loaded from 'D:/Nora/cmod_a7_projects/blabla/blabla.sdk/design_1_wrapper_hw_platform_0/system.hdf'.
21:55:58 INFO  : Context for processor 'microblaze_0' is selected.
21:55:58 INFO  : Processor reset is completed for 'microblaze_0'.
21:55:58 INFO  : Context for processor 'microblaze_0' is selected.
21:55:58 INFO  : The application 'D:/Nora/cmod_a7_projects/blabla/blabla.sdk/adc/Debug/adc.elf' is downloaded to processor 'microblaze_0'.
21:55:58 INFO  : ----------------XSDB Script----------------
connect -url tcp:127.0.0.1:3121
targets -set -nocase -filter {name =~ "microblaze*#0" && bscan=="USER2"  && jtag_cable_name =~ "Digilent Cmod A7 - 15T 210328A2B3E4A"} -index 0
loadhw D:/Nora/cmod_a7_projects/blabla/blabla.sdk/design_1_wrapper_hw_platform_0/system.hdf
targets -set -nocase -filter {name =~ "microblaze*#0" && bscan=="USER2"  && jtag_cable_name =~ "Digilent Cmod A7 - 15T 210328A2B3E4A"} -index 0
rst -processor
targets -set -nocase -filter {name =~ "microblaze*#0" && bscan=="USER2"  && jtag_cable_name =~ "Digilent Cmod A7 - 15T 210328A2B3E4A"} -index 0
dow D:/Nora/cmod_a7_projects/blabla/blabla.sdk/adc/Debug/adc.elf
----------------End of Script----------------

21:55:58 INFO  : Memory regions updated for context MicroBlaze #0
21:55:58 INFO  : Memory regions updated for context MicroBlaze #0
21:55:58 INFO  : Context for processor 'microblaze_0' is selected.
21:55:58 INFO  : 'con' command is executed.
21:55:58 INFO  : ----------------XSDB Script (After Launch)----------------
targets -set -nocase -filter {name =~ "microblaze*#0" && bscan=="USER2"  && jtag_cable_name =~ "Digilent Cmod A7 - 15T 210328A2B3E4A"} -index 0
con
----------------End of Script----------------

21:55:58 INFO  : Launch script is exported to file 'D:\Nora\cmod_a7_projects\blabla\blabla.sdk\.sdk\launch_scripts\xilinx_c-c++_application_(system_debugger)\system_debugger_using_debug_adc.elf_on_local.tcl'
21:57:42 INFO  : Disconnected from the channel tcfchan#11.
21:57:43 INFO  : 'targets -set -filter {jtag_cable_name =~ "Digilent Cmod A7 - 15T 210328A2B3E4A" && level==0} -index 0' command is executed.
21:57:43 INFO  : 'fpga -state' command is executed.
21:57:43 INFO  : Connected to target on host '127.0.0.1' and port '3121'.
21:57:43 INFO  : Jtag cable 'Digilent Cmod A7 - 15T 210328A2B3E4A' is selected.
21:57:43 INFO  : 'jtag frequency' command is executed.
21:57:43 INFO  : Context for processor 'microblaze_0' is selected.
21:57:43 INFO  : Hardware design information is loaded from 'D:/Nora/cmod_a7_projects/blabla/blabla.sdk/design_1_wrapper_hw_platform_0/system.hdf'.
21:57:43 INFO  : Context for processor 'microblaze_0' is selected.
21:57:43 INFO  : Processor reset is completed for 'microblaze_0'.
21:57:44 INFO  : Context for processor 'microblaze_0' is selected.
21:57:44 INFO  : The application 'D:/Nora/cmod_a7_projects/blabla/blabla.sdk/adc/Debug/adc.elf' is downloaded to processor 'microblaze_0'.
21:57:44 INFO  : ----------------XSDB Script----------------
connect -url tcp:127.0.0.1:3121
targets -set -nocase -filter {name =~ "microblaze*#0" && bscan=="USER2"  && jtag_cable_name =~ "Digilent Cmod A7 - 15T 210328A2B3E4A"} -index 0
loadhw D:/Nora/cmod_a7_projects/blabla/blabla.sdk/design_1_wrapper_hw_platform_0/system.hdf
targets -set -nocase -filter {name =~ "microblaze*#0" && bscan=="USER2"  && jtag_cable_name =~ "Digilent Cmod A7 - 15T 210328A2B3E4A"} -index 0
rst -processor
targets -set -nocase -filter {name =~ "microblaze*#0" && bscan=="USER2"  && jtag_cable_name =~ "Digilent Cmod A7 - 15T 210328A2B3E4A"} -index 0
dow D:/Nora/cmod_a7_projects/blabla/blabla.sdk/adc/Debug/adc.elf
----------------End of Script----------------

21:57:44 INFO  : Memory regions updated for context MicroBlaze #0
21:57:44 INFO  : Memory regions updated for context MicroBlaze #0
21:57:44 INFO  : Context for processor 'microblaze_0' is selected.
21:57:44 INFO  : 'con' command is executed.
21:57:44 INFO  : ----------------XSDB Script (After Launch)----------------
targets -set -nocase -filter {name =~ "microblaze*#0" && bscan=="USER2"  && jtag_cable_name =~ "Digilent Cmod A7 - 15T 210328A2B3E4A"} -index 0
con
----------------End of Script----------------

21:57:44 INFO  : Launch script is exported to file 'D:\Nora\cmod_a7_projects\blabla\blabla.sdk\.sdk\launch_scripts\xilinx_c-c++_application_(system_debugger)\system_debugger_using_debug_adc.elf_on_local.tcl'
21:58:23 INFO  : Disconnected from the channel tcfchan#12.
21:58:24 INFO  : 'targets -set -filter {jtag_cable_name =~ "Digilent Cmod A7 - 15T 210328A2B3E4A" && level==0} -index 0' command is executed.
21:58:24 INFO  : 'fpga -state' command is executed.
21:58:24 INFO  : Connected to target on host '127.0.0.1' and port '3121'.
21:58:24 INFO  : Jtag cable 'Digilent Cmod A7 - 15T 210328A2B3E4A' is selected.
21:58:24 INFO  : 'jtag frequency' command is executed.
21:58:24 INFO  : Context for processor 'microblaze_0' is selected.
21:58:25 INFO  : Hardware design information is loaded from 'D:/Nora/cmod_a7_projects/blabla/blabla.sdk/design_1_wrapper_hw_platform_0/system.hdf'.
21:58:25 INFO  : Context for processor 'microblaze_0' is selected.
21:58:25 INFO  : Processor reset is completed for 'microblaze_0'.
21:58:25 INFO  : Context for processor 'microblaze_0' is selected.
21:58:25 INFO  : The application 'D:/Nora/cmod_a7_projects/blabla/blabla.sdk/adc/Debug/adc.elf' is downloaded to processor 'microblaze_0'.
21:58:25 INFO  : ----------------XSDB Script----------------
connect -url tcp:127.0.0.1:3121
targets -set -nocase -filter {name =~ "microblaze*#0" && bscan=="USER2"  && jtag_cable_name =~ "Digilent Cmod A7 - 15T 210328A2B3E4A"} -index 0
loadhw D:/Nora/cmod_a7_projects/blabla/blabla.sdk/design_1_wrapper_hw_platform_0/system.hdf
targets -set -nocase -filter {name =~ "microblaze*#0" && bscan=="USER2"  && jtag_cable_name =~ "Digilent Cmod A7 - 15T 210328A2B3E4A"} -index 0
rst -processor
targets -set -nocase -filter {name =~ "microblaze*#0" && bscan=="USER2"  && jtag_cable_name =~ "Digilent Cmod A7 - 15T 210328A2B3E4A"} -index 0
dow D:/Nora/cmod_a7_projects/blabla/blabla.sdk/adc/Debug/adc.elf
----------------End of Script----------------

21:58:25 INFO  : Memory regions updated for context MicroBlaze #0
21:58:25 INFO  : Memory regions updated for context MicroBlaze #0
21:58:25 INFO  : Context for processor 'microblaze_0' is selected.
21:58:25 INFO  : 'con' command is executed.
21:58:25 INFO  : ----------------XSDB Script (After Launch)----------------
targets -set -nocase -filter {name =~ "microblaze*#0" && bscan=="USER2"  && jtag_cable_name =~ "Digilent Cmod A7 - 15T 210328A2B3E4A"} -index 0
con
----------------End of Script----------------

21:58:25 INFO  : Launch script is exported to file 'D:\Nora\cmod_a7_projects\blabla\blabla.sdk\.sdk\launch_scripts\xilinx_c-c++_application_(system_debugger)\system_debugger_using_debug_adc.elf_on_local.tcl'
21:58:52 INFO  : Disconnected from the channel tcfchan#13.
21:58:53 INFO  : 'targets -set -filter {jtag_cable_name =~ "Digilent Cmod A7 - 15T 210328A2B3E4A" && level==0} -index 0' command is executed.
21:58:53 INFO  : 'fpga -state' command is executed.
21:58:53 INFO  : Connected to target on host '127.0.0.1' and port '3121'.
21:58:53 INFO  : Jtag cable 'Digilent Cmod A7 - 15T 210328A2B3E4A' is selected.
21:58:53 INFO  : 'jtag frequency' command is executed.
21:58:53 INFO  : Context for processor 'microblaze_0' is selected.
21:58:53 INFO  : Hardware design information is loaded from 'D:/Nora/cmod_a7_projects/blabla/blabla.sdk/design_1_wrapper_hw_platform_0/system.hdf'.
21:58:53 INFO  : Context for processor 'microblaze_0' is selected.
21:58:53 INFO  : Processor reset is completed for 'microblaze_0'.
21:58:53 INFO  : Context for processor 'microblaze_0' is selected.
21:58:54 INFO  : The application 'D:/Nora/cmod_a7_projects/blabla/blabla.sdk/adc/Debug/adc.elf' is downloaded to processor 'microblaze_0'.
21:58:54 INFO  : ----------------XSDB Script----------------
connect -url tcp:127.0.0.1:3121
targets -set -nocase -filter {name =~ "microblaze*#0" && bscan=="USER2"  && jtag_cable_name =~ "Digilent Cmod A7 - 15T 210328A2B3E4A"} -index 0
loadhw D:/Nora/cmod_a7_projects/blabla/blabla.sdk/design_1_wrapper_hw_platform_0/system.hdf
targets -set -nocase -filter {name =~ "microblaze*#0" && bscan=="USER2"  && jtag_cable_name =~ "Digilent Cmod A7 - 15T 210328A2B3E4A"} -index 0
rst -processor
targets -set -nocase -filter {name =~ "microblaze*#0" && bscan=="USER2"  && jtag_cable_name =~ "Digilent Cmod A7 - 15T 210328A2B3E4A"} -index 0
dow D:/Nora/cmod_a7_projects/blabla/blabla.sdk/adc/Debug/adc.elf
----------------End of Script----------------

21:58:54 INFO  : Memory regions updated for context MicroBlaze #0
21:58:54 INFO  : Memory regions updated for context MicroBlaze #0
21:58:54 INFO  : Context for processor 'microblaze_0' is selected.
21:58:54 INFO  : 'con' command is executed.
21:58:54 INFO  : ----------------XSDB Script (After Launch)----------------
targets -set -nocase -filter {name =~ "microblaze*#0" && bscan=="USER2"  && jtag_cable_name =~ "Digilent Cmod A7 - 15T 210328A2B3E4A"} -index 0
con
----------------End of Script----------------

21:58:54 INFO  : Launch script is exported to file 'D:\Nora\cmod_a7_projects\blabla\blabla.sdk\.sdk\launch_scripts\xilinx_c-c++_application_(system_debugger)\system_debugger_using_debug_adc.elf_on_local.tcl'
21:59:03 INFO  : Disconnected from the channel tcfchan#14.
21:59:04 INFO  : 'targets -set -filter {jtag_cable_name =~ "Digilent Cmod A7 - 15T 210328A2B3E4A" && level==0} -index 0' command is executed.
21:59:04 INFO  : 'fpga -state' command is executed.
21:59:04 INFO  : Connected to target on host '127.0.0.1' and port '3121'.
21:59:04 INFO  : Jtag cable 'Digilent Cmod A7 - 15T 210328A2B3E4A' is selected.
21:59:04 INFO  : 'jtag frequency' command is executed.
21:59:04 INFO  : Context for processor 'microblaze_0' is selected.
21:59:05 INFO  : Hardware design information is loaded from 'D:/Nora/cmod_a7_projects/blabla/blabla.sdk/design_1_wrapper_hw_platform_0/system.hdf'.
21:59:05 INFO  : Context for processor 'microblaze_0' is selected.
21:59:05 INFO  : Processor reset is completed for 'microblaze_0'.
21:59:05 INFO  : Context for processor 'microblaze_0' is selected.
21:59:05 INFO  : The application 'D:/Nora/cmod_a7_projects/blabla/blabla.sdk/adc/Debug/adc.elf' is downloaded to processor 'microblaze_0'.
21:59:05 INFO  : ----------------XSDB Script----------------
connect -url tcp:127.0.0.1:3121
targets -set -nocase -filter {name =~ "microblaze*#0" && bscan=="USER2"  && jtag_cable_name =~ "Digilent Cmod A7 - 15T 210328A2B3E4A"} -index 0
loadhw D:/Nora/cmod_a7_projects/blabla/blabla.sdk/design_1_wrapper_hw_platform_0/system.hdf
targets -set -nocase -filter {name =~ "microblaze*#0" && bscan=="USER2"  && jtag_cable_name =~ "Digilent Cmod A7 - 15T 210328A2B3E4A"} -index 0
rst -processor
targets -set -nocase -filter {name =~ "microblaze*#0" && bscan=="USER2"  && jtag_cable_name =~ "Digilent Cmod A7 - 15T 210328A2B3E4A"} -index 0
dow D:/Nora/cmod_a7_projects/blabla/blabla.sdk/adc/Debug/adc.elf
----------------End of Script----------------

21:59:05 INFO  : Memory regions updated for context MicroBlaze #0
21:59:05 INFO  : Memory regions updated for context MicroBlaze #0
21:59:05 INFO  : Context for processor 'microblaze_0' is selected.
21:59:05 INFO  : 'con' command is executed.
21:59:05 INFO  : ----------------XSDB Script (After Launch)----------------
targets -set -nocase -filter {name =~ "microblaze*#0" && bscan=="USER2"  && jtag_cable_name =~ "Digilent Cmod A7 - 15T 210328A2B3E4A"} -index 0
con
----------------End of Script----------------

21:59:05 INFO  : Launch script is exported to file 'D:\Nora\cmod_a7_projects\blabla\blabla.sdk\.sdk\launch_scripts\xilinx_c-c++_application_(system_debugger)\system_debugger_using_debug_adc.elf_on_local.tcl'
22:14:46 INFO  : Disconnected from the channel tcfchan#15.
22:14:47 INFO  : 'targets -set -filter {jtag_cable_name =~ "Digilent Cmod A7 - 15T 210328A2B3E4A" && level==0} -index 0' command is executed.
22:14:47 INFO  : 'fpga -state' command is executed.
22:14:47 INFO  : Connected to target on host '127.0.0.1' and port '3121'.
22:14:47 INFO  : Jtag cable 'Digilent Cmod A7 - 15T 210328A2B3E4A' is selected.
22:14:47 INFO  : 'jtag frequency' command is executed.
22:14:47 INFO  : Context for processor 'microblaze_0' is selected.
22:14:47 INFO  : Hardware design information is loaded from 'D:/Nora/cmod_a7_projects/blabla/blabla.sdk/design_1_wrapper_hw_platform_0/system.hdf'.
22:14:47 INFO  : Context for processor 'microblaze_0' is selected.
22:14:47 INFO  : Processor reset is completed for 'microblaze_0'.
22:14:47 INFO  : Context for processor 'microblaze_0' is selected.
22:14:48 INFO  : The application 'D:/Nora/cmod_a7_projects/blabla/blabla.sdk/adc/Debug/adc.elf' is downloaded to processor 'microblaze_0'.
22:14:48 INFO  : ----------------XSDB Script----------------
connect -url tcp:127.0.0.1:3121
targets -set -nocase -filter {name =~ "microblaze*#0" && bscan=="USER2"  && jtag_cable_name =~ "Digilent Cmod A7 - 15T 210328A2B3E4A"} -index 0
loadhw D:/Nora/cmod_a7_projects/blabla/blabla.sdk/design_1_wrapper_hw_platform_0/system.hdf
targets -set -nocase -filter {name =~ "microblaze*#0" && bscan=="USER2"  && jtag_cable_name =~ "Digilent Cmod A7 - 15T 210328A2B3E4A"} -index 0
rst -processor
targets -set -nocase -filter {name =~ "microblaze*#0" && bscan=="USER2"  && jtag_cable_name =~ "Digilent Cmod A7 - 15T 210328A2B3E4A"} -index 0
dow D:/Nora/cmod_a7_projects/blabla/blabla.sdk/adc/Debug/adc.elf
----------------End of Script----------------

22:14:48 INFO  : Memory regions updated for context MicroBlaze #0
22:14:48 INFO  : Memory regions updated for context MicroBlaze #0
22:14:48 INFO  : Context for processor 'microblaze_0' is selected.
22:14:48 INFO  : 'con' command is executed.
22:14:48 INFO  : ----------------XSDB Script (After Launch)----------------
targets -set -nocase -filter {name =~ "microblaze*#0" && bscan=="USER2"  && jtag_cable_name =~ "Digilent Cmod A7 - 15T 210328A2B3E4A"} -index 0
con
----------------End of Script----------------

22:14:48 INFO  : Launch script is exported to file 'D:\Nora\cmod_a7_projects\blabla\blabla.sdk\.sdk\launch_scripts\xilinx_c-c++_application_(system_debugger)\system_debugger_using_debug_adc.elf_on_local.tcl'
22:19:32 INFO  : Disconnected from the channel tcfchan#16.
22:19:33 INFO  : 'targets -set -filter {jtag_cable_name =~ "Digilent Cmod A7 - 15T 210328A2B3E4A" && level==0} -index 0' command is executed.
22:19:33 INFO  : 'fpga -state' command is executed.
22:19:33 INFO  : Connected to target on host '127.0.0.1' and port '3121'.
22:19:34 INFO  : Jtag cable 'Digilent Cmod A7 - 15T 210328A2B3E4A' is selected.
22:19:34 INFO  : 'jtag frequency' command is executed.
22:19:34 INFO  : Context for processor 'microblaze_0' is selected.
22:19:34 INFO  : Hardware design information is loaded from 'D:/Nora/cmod_a7_projects/blabla/blabla.sdk/design_1_wrapper_hw_platform_0/system.hdf'.
22:19:34 INFO  : Context for processor 'microblaze_0' is selected.
22:19:34 INFO  : Processor reset is completed for 'microblaze_0'.
22:19:34 INFO  : Context for processor 'microblaze_0' is selected.
22:19:35 INFO  : The application 'D:/Nora/cmod_a7_projects/blabla/blabla.sdk/adc/Debug/adc.elf' is downloaded to processor 'microblaze_0'.
22:19:35 INFO  : ----------------XSDB Script----------------
connect -url tcp:127.0.0.1:3121
targets -set -nocase -filter {name =~ "microblaze*#0" && bscan=="USER2"  && jtag_cable_name =~ "Digilent Cmod A7 - 15T 210328A2B3E4A"} -index 0
loadhw D:/Nora/cmod_a7_projects/blabla/blabla.sdk/design_1_wrapper_hw_platform_0/system.hdf
targets -set -nocase -filter {name =~ "microblaze*#0" && bscan=="USER2"  && jtag_cable_name =~ "Digilent Cmod A7 - 15T 210328A2B3E4A"} -index 0
rst -processor
targets -set -nocase -filter {name =~ "microblaze*#0" && bscan=="USER2"  && jtag_cable_name =~ "Digilent Cmod A7 - 15T 210328A2B3E4A"} -index 0
dow D:/Nora/cmod_a7_projects/blabla/blabla.sdk/adc/Debug/adc.elf
----------------End of Script----------------

22:19:35 INFO  : Memory regions updated for context MicroBlaze #0
22:19:35 INFO  : Memory regions updated for context MicroBlaze #0
22:19:35 INFO  : Context for processor 'microblaze_0' is selected.
22:19:35 INFO  : 'con' command is executed.
22:19:35 INFO  : ----------------XSDB Script (After Launch)----------------
targets -set -nocase -filter {name =~ "microblaze*#0" && bscan=="USER2"  && jtag_cable_name =~ "Digilent Cmod A7 - 15T 210328A2B3E4A"} -index 0
con
----------------End of Script----------------

22:19:35 INFO  : Launch script is exported to file 'D:\Nora\cmod_a7_projects\blabla\blabla.sdk\.sdk\launch_scripts\xilinx_c-c++_application_(system_debugger)\system_debugger_using_debug_adc.elf_on_local.tcl'
22:19:54 INFO  : Disconnected from the channel tcfchan#17.
22:19:55 INFO  : 'targets -set -filter {jtag_cable_name =~ "Digilent Cmod A7 - 15T 210328A2B3E4A" && level==0} -index 0' command is executed.
22:19:55 INFO  : 'fpga -state' command is executed.
22:19:55 INFO  : Connected to target on host '127.0.0.1' and port '3121'.
22:19:55 INFO  : Jtag cable 'Digilent Cmod A7 - 15T 210328A2B3E4A' is selected.
22:19:55 INFO  : 'jtag frequency' command is executed.
22:19:55 INFO  : Context for processor 'microblaze_0' is selected.
22:19:55 INFO  : Hardware design information is loaded from 'D:/Nora/cmod_a7_projects/blabla/blabla.sdk/design_1_wrapper_hw_platform_0/system.hdf'.
22:19:55 INFO  : Context for processor 'microblaze_0' is selected.
22:19:55 INFO  : Processor reset is completed for 'microblaze_0'.
22:19:55 INFO  : Context for processor 'microblaze_0' is selected.
22:19:56 INFO  : The application 'D:/Nora/cmod_a7_projects/blabla/blabla.sdk/adc/Debug/adc.elf' is downloaded to processor 'microblaze_0'.
22:19:56 INFO  : ----------------XSDB Script----------------
connect -url tcp:127.0.0.1:3121
targets -set -nocase -filter {name =~ "microblaze*#0" && bscan=="USER2"  && jtag_cable_name =~ "Digilent Cmod A7 - 15T 210328A2B3E4A"} -index 0
loadhw D:/Nora/cmod_a7_projects/blabla/blabla.sdk/design_1_wrapper_hw_platform_0/system.hdf
targets -set -nocase -filter {name =~ "microblaze*#0" && bscan=="USER2"  && jtag_cable_name =~ "Digilent Cmod A7 - 15T 210328A2B3E4A"} -index 0
rst -processor
targets -set -nocase -filter {name =~ "microblaze*#0" && bscan=="USER2"  && jtag_cable_name =~ "Digilent Cmod A7 - 15T 210328A2B3E4A"} -index 0
dow D:/Nora/cmod_a7_projects/blabla/blabla.sdk/adc/Debug/adc.elf
----------------End of Script----------------

22:19:56 INFO  : Memory regions updated for context MicroBlaze #0
22:19:56 INFO  : Memory regions updated for context MicroBlaze #0
22:19:56 INFO  : Context for processor 'microblaze_0' is selected.
22:19:56 INFO  : 'con' command is executed.
22:19:56 INFO  : ----------------XSDB Script (After Launch)----------------
targets -set -nocase -filter {name =~ "microblaze*#0" && bscan=="USER2"  && jtag_cable_name =~ "Digilent Cmod A7 - 15T 210328A2B3E4A"} -index 0
con
----------------End of Script----------------

22:19:56 INFO  : Launch script is exported to file 'D:\Nora\cmod_a7_projects\blabla\blabla.sdk\.sdk\launch_scripts\xilinx_c-c++_application_(system_debugger)\system_debugger_using_debug_adc.elf_on_local.tcl'
22:20:29 INFO  : Disconnected from the channel tcfchan#18.
22:20:30 INFO  : 'targets -set -filter {jtag_cable_name =~ "Digilent Cmod A7 - 15T 210328A2B3E4A" && level==0} -index 0' command is executed.
22:20:30 INFO  : 'fpga -state' command is executed.
22:20:30 INFO  : Connected to target on host '127.0.0.1' and port '3121'.
22:20:30 INFO  : Jtag cable 'Digilent Cmod A7 - 15T 210328A2B3E4A' is selected.
22:20:30 INFO  : 'jtag frequency' command is executed.
22:20:30 INFO  : Context for processor 'microblaze_0' is selected.
22:20:30 INFO  : Hardware design information is loaded from 'D:/Nora/cmod_a7_projects/blabla/blabla.sdk/design_1_wrapper_hw_platform_0/system.hdf'.
22:20:30 INFO  : Context for processor 'microblaze_0' is selected.
22:20:30 INFO  : Processor reset is completed for 'microblaze_0'.
22:20:31 INFO  : Context for processor 'microblaze_0' is selected.
22:20:32 INFO  : The application 'D:/Nora/cmod_a7_projects/blabla/blabla.sdk/adc/Debug/adc.elf' is downloaded to processor 'microblaze_0'.
22:20:32 INFO  : ----------------XSDB Script----------------
connect -url tcp:127.0.0.1:3121
targets -set -nocase -filter {name =~ "microblaze*#0" && bscan=="USER2"  && jtag_cable_name =~ "Digilent Cmod A7 - 15T 210328A2B3E4A"} -index 0
loadhw D:/Nora/cmod_a7_projects/blabla/blabla.sdk/design_1_wrapper_hw_platform_0/system.hdf
targets -set -nocase -filter {name =~ "microblaze*#0" && bscan=="USER2"  && jtag_cable_name =~ "Digilent Cmod A7 - 15T 210328A2B3E4A"} -index 0
rst -processor
targets -set -nocase -filter {name =~ "microblaze*#0" && bscan=="USER2"  && jtag_cable_name =~ "Digilent Cmod A7 - 15T 210328A2B3E4A"} -index 0
dow D:/Nora/cmod_a7_projects/blabla/blabla.sdk/adc/Debug/adc.elf
----------------End of Script----------------

22:20:32 INFO  : Memory regions updated for context MicroBlaze #0
22:20:32 INFO  : Memory regions updated for context MicroBlaze #0
22:20:32 INFO  : Context for processor 'microblaze_0' is selected.
22:20:32 INFO  : 'con' command is executed.
22:20:32 INFO  : ----------------XSDB Script (After Launch)----------------
targets -set -nocase -filter {name =~ "microblaze*#0" && bscan=="USER2"  && jtag_cable_name =~ "Digilent Cmod A7 - 15T 210328A2B3E4A"} -index 0
con
----------------End of Script----------------

22:20:32 INFO  : Launch script is exported to file 'D:\Nora\cmod_a7_projects\blabla\blabla.sdk\.sdk\launch_scripts\xilinx_c-c++_application_(system_debugger)\system_debugger_using_debug_adc.elf_on_local.tcl'
22:55:32 INFO  : Disconnected from the channel tcfchan#19.
22:57:05 INFO  : Launching XSCT server: xsct.bat -interactive D:\Nora\cmod_a7_projects\blabla\blabla.sdk\temp_xsdb_launch_script.tcl
22:57:06 INFO  : XSCT server has started successfully.
22:57:06 INFO  : Successfully done setting XSCT server connection channel  
22:57:06 INFO  : Successfully done setting SDK workspace  
22:57:07 INFO  : Registering command handlers for SDK TCF services
22:57:07 INFO  : Processing command line option -hwspec D:/Nora/cmod_a7_projects/blabla/blabla.sdk/design_1_wrapper.hdf.
22:57:08 INFO  : Checking for hwspec changes in the project design_1_wrapper_hw_platform_0.
22:57:08 INFO  : SDK has detected change in the last modified timestamps for source hardware specification file Source:1481662553699,  Project:1481657730904
22:57:08 INFO  : The hardware specification for project 'design_1_wrapper_hw_platform_0' is different from D:/Nora/cmod_a7_projects/blabla/blabla.sdk/design_1_wrapper.hdf.
22:57:08 INFO  : Copied contents of D:/Nora/cmod_a7_projects/blabla/blabla.sdk/design_1_wrapper.hdf into \design_1_wrapper_hw_platform_0\system.hdf.
22:57:08 INFO  : Synchronizing projects in the workspace with the hardware platform specification changes.
22:57:09 INFO  : 
22:57:10 INFO  : Updating hardware inferred compiler options for adc.
22:57:10 INFO  : Clearing existing target manager status.
22:57:11 INFO  : Closing and re-opening the MSS file of ther project adc_bsp
22:57:12 INFO  : Workspace synchronized with the new hardware specification file. Cleaning dependent projects...
22:57:12 WARN  : Linker script will not be updated automatically. Users need to update it manually.
22:57:36 INFO  : Example project adc_bsp_xsysmon_polled_printf_example_1 has been created successfully.
22:57:50 INFO  : 'targets -set -filter {jtag_cable_name =~ "Digilent Cmod A7 - 15T 210328A2B3E4A" && level==0} -index 0' command is executed.
22:57:50 INFO  : 'fpga -state' command is executed.
22:57:50 INFO  : Connected to target on host '127.0.0.1' and port '3121'.
22:57:50 INFO  : Jtag cable 'Digilent Cmod A7 - 15T 210328A2B3E4A' is selected.
22:57:50 INFO  : 'jtag frequency' command is executed.
22:57:50 INFO  : Context for processor 'microblaze_0' is selected.
22:57:50 INFO  : Hardware design information is loaded from 'D:/Nora/cmod_a7_projects/blabla/blabla.sdk/design_1_wrapper_hw_platform_0/system.hdf'.
22:57:50 INFO  : Context for processor 'microblaze_0' is selected.
22:57:50 INFO  : Processor reset is completed for 'microblaze_0'.
22:57:50 INFO  : Context for processor 'microblaze_0' is selected.
22:57:50 INFO  : The application 'D:/Nora/cmod_a7_projects/blabla/blabla.sdk/adc_bsp_xsysmon_polled_printf_example_1/Debug/adc_bsp_xsysmon_polled_printf_example_1.elf' is downloaded to processor 'microblaze_0'.
22:57:50 INFO  : ----------------XSDB Script----------------
connect -url tcp:127.0.0.1:3121
targets -set -nocase -filter {name =~ "microblaze*#0" && bscan=="USER2"  && jtag_cable_name =~ "Digilent Cmod A7 - 15T 210328A2B3E4A"} -index 0
loadhw D:/Nora/cmod_a7_projects/blabla/blabla.sdk/design_1_wrapper_hw_platform_0/system.hdf
targets -set -nocase -filter {name =~ "microblaze*#0" && bscan=="USER2"  && jtag_cable_name =~ "Digilent Cmod A7 - 15T 210328A2B3E4A"} -index 0
rst -processor
targets -set -nocase -filter {name =~ "microblaze*#0" && bscan=="USER2"  && jtag_cable_name =~ "Digilent Cmod A7 - 15T 210328A2B3E4A"} -index 0
dow D:/Nora/cmod_a7_projects/blabla/blabla.sdk/adc_bsp_xsysmon_polled_printf_example_1/Debug/adc_bsp_xsysmon_polled_printf_example_1.elf
----------------End of Script----------------

22:57:50 INFO  : Memory regions updated for context MicroBlaze #0
22:57:50 INFO  : Memory regions updated for context MicroBlaze #0
22:57:50 INFO  : Context for processor 'microblaze_0' is selected.
22:57:50 INFO  : 'con' command is executed.
22:57:50 INFO  : ----------------XSDB Script (After Launch)----------------
targets -set -nocase -filter {name =~ "microblaze*#0" && bscan=="USER2"  && jtag_cable_name =~ "Digilent Cmod A7 - 15T 210328A2B3E4A"} -index 0
con
----------------End of Script----------------

22:57:50 INFO  : Launch script is exported to file 'D:\Nora\cmod_a7_projects\blabla\blabla.sdk\.sdk\launch_scripts\xilinx_c-c++_application_(system_debugger)\system_debugger_using_debug_adc_bsp_xsysmon_polled_printf_example_1.elf_on_local.tcl'
22:59:02 INFO  : Example project adc_bsp_xsysmon_extmux_example_1 has been created successfully.
22:59:26 INFO  : Example project adc_bsp_xsysmon_polled_example_1 has been created successfully.
23:06:19 INFO  : Disconnected from the channel tcfchan#1.
23:06:20 INFO  : 'targets -set -filter {jtag_cable_name =~ "Digilent Cmod A7 - 15T 210328A2B3E4A" && level==0} -index 0' command is executed.
23:06:20 INFO  : 'fpga -state' command is executed.
23:06:20 INFO  : Connected to target on host '127.0.0.1' and port '3121'.
23:06:20 INFO  : Jtag cable 'Digilent Cmod A7 - 15T 210328A2B3E4A' is selected.
23:06:20 INFO  : 'jtag frequency' command is executed.
23:06:20 INFO  : Context for processor 'microblaze_0' is selected.
23:06:20 INFO  : Hardware design information is loaded from 'D:/Nora/cmod_a7_projects/blabla/blabla.sdk/design_1_wrapper_hw_platform_0/system.hdf'.
23:06:20 INFO  : Context for processor 'microblaze_0' is selected.
23:06:20 INFO  : Processor reset is completed for 'microblaze_0'.
23:06:20 INFO  : Context for processor 'microblaze_0' is selected.
23:06:20 INFO  : The application 'D:/Nora/cmod_a7_projects/blabla/blabla.sdk/adc_bsp_xsysmon_polled_printf_example_1/Debug/adc_bsp_xsysmon_polled_printf_example_1.elf' is downloaded to processor 'microblaze_0'.
23:06:20 INFO  : ----------------XSDB Script----------------
connect -url tcp:127.0.0.1:3121
targets -set -nocase -filter {name =~ "microblaze*#0" && bscan=="USER2"  && jtag_cable_name =~ "Digilent Cmod A7 - 15T 210328A2B3E4A"} -index 0
loadhw D:/Nora/cmod_a7_projects/blabla/blabla.sdk/design_1_wrapper_hw_platform_0/system.hdf
targets -set -nocase -filter {name =~ "microblaze*#0" && bscan=="USER2"  && jtag_cable_name =~ "Digilent Cmod A7 - 15T 210328A2B3E4A"} -index 0
rst -processor
targets -set -nocase -filter {name =~ "microblaze*#0" && bscan=="USER2"  && jtag_cable_name =~ "Digilent Cmod A7 - 15T 210328A2B3E4A"} -index 0
dow D:/Nora/cmod_a7_projects/blabla/blabla.sdk/adc_bsp_xsysmon_polled_printf_example_1/Debug/adc_bsp_xsysmon_polled_printf_example_1.elf
----------------End of Script----------------

23:06:20 INFO  : Memory regions updated for context MicroBlaze #0
23:06:20 INFO  : Memory regions updated for context MicroBlaze #0
23:06:20 INFO  : Context for processor 'microblaze_0' is selected.
23:06:20 INFO  : 'con' command is executed.
23:06:20 INFO  : ----------------XSDB Script (After Launch)----------------
targets -set -nocase -filter {name =~ "microblaze*#0" && bscan=="USER2"  && jtag_cable_name =~ "Digilent Cmod A7 - 15T 210328A2B3E4A"} -index 0
con
----------------End of Script----------------

23:06:20 INFO  : Launch script is exported to file 'D:\Nora\cmod_a7_projects\blabla\blabla.sdk\.sdk\launch_scripts\xilinx_c-c++_application_(system_debugger)\system_debugger_using_debug_adc_bsp_xsysmon_polled_printf_example_1.elf_on_local.tcl'
23:10:10 INFO  : Disconnected from the channel tcfchan#2.
23:10:11 INFO  : 'targets -set -filter {jtag_cable_name =~ "Digilent Cmod A7 - 15T 210328A2B3E4A" && level==0} -index 0' command is executed.
23:10:11 INFO  : 'fpga -state' command is executed.
23:10:11 INFO  : Connected to target on host '127.0.0.1' and port '3121'.
23:10:11 INFO  : Jtag cable 'Digilent Cmod A7 - 15T 210328A2B3E4A' is selected.
23:10:11 INFO  : 'jtag frequency' command is executed.
23:10:11 INFO  : Context for processor 'microblaze_0' is selected.
23:10:11 INFO  : Hardware design information is loaded from 'D:/Nora/cmod_a7_projects/blabla/blabla.sdk/design_1_wrapper_hw_platform_0/system.hdf'.
23:10:11 INFO  : Context for processor 'microblaze_0' is selected.
23:10:11 INFO  : Processor reset is completed for 'microblaze_0'.
23:10:11 INFO  : Context for processor 'microblaze_0' is selected.
23:10:12 INFO  : The application 'D:/Nora/cmod_a7_projects/blabla/blabla.sdk/adc_bsp_xsysmon_polled_printf_example_1/Debug/adc_bsp_xsysmon_polled_printf_example_1.elf' is downloaded to processor 'microblaze_0'.
23:10:12 INFO  : ----------------XSDB Script----------------
connect -url tcp:127.0.0.1:3121
targets -set -nocase -filter {name =~ "microblaze*#0" && bscan=="USER2"  && jtag_cable_name =~ "Digilent Cmod A7 - 15T 210328A2B3E4A"} -index 0
loadhw D:/Nora/cmod_a7_projects/blabla/blabla.sdk/design_1_wrapper_hw_platform_0/system.hdf
targets -set -nocase -filter {name =~ "microblaze*#0" && bscan=="USER2"  && jtag_cable_name =~ "Digilent Cmod A7 - 15T 210328A2B3E4A"} -index 0
rst -processor
targets -set -nocase -filter {name =~ "microblaze*#0" && bscan=="USER2"  && jtag_cable_name =~ "Digilent Cmod A7 - 15T 210328A2B3E4A"} -index 0
dow D:/Nora/cmod_a7_projects/blabla/blabla.sdk/adc_bsp_xsysmon_polled_printf_example_1/Debug/adc_bsp_xsysmon_polled_printf_example_1.elf
----------------End of Script----------------

23:10:12 INFO  : Memory regions updated for context MicroBlaze #0
23:10:12 INFO  : Memory regions updated for context MicroBlaze #0
23:10:12 INFO  : Context for processor 'microblaze_0' is selected.
23:10:12 INFO  : 'con' command is executed.
23:10:12 INFO  : ----------------XSDB Script (After Launch)----------------
targets -set -nocase -filter {name =~ "microblaze*#0" && bscan=="USER2"  && jtag_cable_name =~ "Digilent Cmod A7 - 15T 210328A2B3E4A"} -index 0
con
----------------End of Script----------------

23:10:12 INFO  : Launch script is exported to file 'D:\Nora\cmod_a7_projects\blabla\blabla.sdk\.sdk\launch_scripts\xilinx_c-c++_application_(system_debugger)\system_debugger_using_debug_adc_bsp_xsysmon_polled_printf_example_1.elf_on_local.tcl'
23:10:44 INFO  : Disconnected from the channel tcfchan#3.
23:10:45 INFO  : 'targets -set -filter {jtag_cable_name =~ "Digilent Cmod A7 - 15T 210328A2B3E4A" && level==0} -index 0' command is executed.
23:10:45 INFO  : 'fpga -state' command is executed.
23:10:45 INFO  : Connected to target on host '127.0.0.1' and port '3121'.
23:10:45 INFO  : Jtag cable 'Digilent Cmod A7 - 15T 210328A2B3E4A' is selected.
23:10:45 INFO  : 'jtag frequency' command is executed.
23:10:45 INFO  : Context for processor 'microblaze_0' is selected.
23:10:45 INFO  : Hardware design information is loaded from 'D:/Nora/cmod_a7_projects/blabla/blabla.sdk/design_1_wrapper_hw_platform_0/system.hdf'.
23:10:45 INFO  : Context for processor 'microblaze_0' is selected.
23:10:45 INFO  : Processor reset is completed for 'microblaze_0'.
23:10:45 INFO  : Context for processor 'microblaze_0' is selected.
23:10:47 INFO  : The application 'D:/Nora/cmod_a7_projects/blabla/blabla.sdk/adc/Debug/adc.elf' is downloaded to processor 'microblaze_0'.
23:10:47 INFO  : ----------------XSDB Script----------------
connect -url tcp:127.0.0.1:3121
targets -set -nocase -filter {name =~ "microblaze*#0" && bscan=="USER2"  && jtag_cable_name =~ "Digilent Cmod A7 - 15T 210328A2B3E4A"} -index 0
loadhw D:/Nora/cmod_a7_projects/blabla/blabla.sdk/design_1_wrapper_hw_platform_0/system.hdf
targets -set -nocase -filter {name =~ "microblaze*#0" && bscan=="USER2"  && jtag_cable_name =~ "Digilent Cmod A7 - 15T 210328A2B3E4A"} -index 0
rst -processor
targets -set -nocase -filter {name =~ "microblaze*#0" && bscan=="USER2"  && jtag_cable_name =~ "Digilent Cmod A7 - 15T 210328A2B3E4A"} -index 0
dow D:/Nora/cmod_a7_projects/blabla/blabla.sdk/adc/Debug/adc.elf
----------------End of Script----------------

23:10:47 INFO  : Memory regions updated for context MicroBlaze #0
23:10:47 INFO  : Memory regions updated for context MicroBlaze #0
23:10:47 INFO  : Context for processor 'microblaze_0' is selected.
23:10:47 INFO  : 'con' command is executed.
23:10:47 INFO  : ----------------XSDB Script (After Launch)----------------
targets -set -nocase -filter {name =~ "microblaze*#0" && bscan=="USER2"  && jtag_cable_name =~ "Digilent Cmod A7 - 15T 210328A2B3E4A"} -index 0
con
----------------End of Script----------------

23:10:47 INFO  : Launch script is exported to file 'D:\Nora\cmod_a7_projects\blabla\blabla.sdk\.sdk\launch_scripts\xilinx_c-c++_application_(system_debugger)\system_debugger_using_debug_adc.elf_on_local.tcl'
23:11:07 INFO  : Disconnected from the channel tcfchan#4.
23:11:09 INFO  : 'targets -set -filter {jtag_cable_name =~ "Digilent Cmod A7 - 15T 210328A2B3E4A" && level==0} -index 0' command is executed.
23:11:09 INFO  : 'fpga -state' command is executed.
23:11:09 INFO  : Connected to target on host '127.0.0.1' and port '3121'.
23:11:09 INFO  : Jtag cable 'Digilent Cmod A7 - 15T 210328A2B3E4A' is selected.
23:11:09 INFO  : 'jtag frequency' command is executed.
23:11:09 INFO  : Context for processor 'microblaze_0' is selected.
23:11:09 INFO  : Hardware design information is loaded from 'D:/Nora/cmod_a7_projects/blabla/blabla.sdk/design_1_wrapper_hw_platform_0/system.hdf'.
23:11:09 INFO  : Context for processor 'microblaze_0' is selected.
23:11:09 INFO  : Processor reset is completed for 'microblaze_0'.
23:11:09 INFO  : Context for processor 'microblaze_0' is selected.
23:11:10 INFO  : The application 'D:/Nora/cmod_a7_projects/blabla/blabla.sdk/adc/Debug/adc.elf' is downloaded to processor 'microblaze_0'.
23:11:10 INFO  : ----------------XSDB Script----------------
connect -url tcp:127.0.0.1:3121
targets -set -nocase -filter {name =~ "microblaze*#0" && bscan=="USER2"  && jtag_cable_name =~ "Digilent Cmod A7 - 15T 210328A2B3E4A"} -index 0
loadhw D:/Nora/cmod_a7_projects/blabla/blabla.sdk/design_1_wrapper_hw_platform_0/system.hdf
targets -set -nocase -filter {name =~ "microblaze*#0" && bscan=="USER2"  && jtag_cable_name =~ "Digilent Cmod A7 - 15T 210328A2B3E4A"} -index 0
rst -processor
targets -set -nocase -filter {name =~ "microblaze*#0" && bscan=="USER2"  && jtag_cable_name =~ "Digilent Cmod A7 - 15T 210328A2B3E4A"} -index 0
dow D:/Nora/cmod_a7_projects/blabla/blabla.sdk/adc/Debug/adc.elf
----------------End of Script----------------

23:11:10 INFO  : Memory regions updated for context MicroBlaze #0
23:11:10 INFO  : Memory regions updated for context MicroBlaze #0
23:11:10 INFO  : Context for processor 'microblaze_0' is selected.
23:11:10 INFO  : 'con' command is executed.
23:11:10 INFO  : ----------------XSDB Script (After Launch)----------------
targets -set -nocase -filter {name =~ "microblaze*#0" && bscan=="USER2"  && jtag_cable_name =~ "Digilent Cmod A7 - 15T 210328A2B3E4A"} -index 0
con
----------------End of Script----------------

23:11:10 INFO  : Launch script is exported to file 'D:\Nora\cmod_a7_projects\blabla\blabla.sdk\.sdk\launch_scripts\xilinx_c-c++_application_(system_debugger)\system_debugger_using_debug_adc.elf_on_local.tcl'
23:12:39 INFO  : Disconnected from the channel tcfchan#5.
23:12:40 INFO  : 'targets -set -filter {jtag_cable_name =~ "Digilent Cmod A7 - 15T 210328A2B3E4A" && level==0} -index 0' command is executed.
23:12:40 INFO  : 'fpga -state' command is executed.
23:12:40 INFO  : Connected to target on host '127.0.0.1' and port '3121'.
23:12:40 INFO  : Jtag cable 'Digilent Cmod A7 - 15T 210328A2B3E4A' is selected.
23:12:40 INFO  : 'jtag frequency' command is executed.
23:12:40 INFO  : Context for processor 'microblaze_0' is selected.
23:12:40 INFO  : Hardware design information is loaded from 'D:/Nora/cmod_a7_projects/blabla/blabla.sdk/design_1_wrapper_hw_platform_0/system.hdf'.
23:12:40 INFO  : Context for processor 'microblaze_0' is selected.
23:12:40 INFO  : Processor reset is completed for 'microblaze_0'.
23:12:40 INFO  : Context for processor 'microblaze_0' is selected.
23:12:42 INFO  : The application 'D:/Nora/cmod_a7_projects/blabla/blabla.sdk/adc/Debug/adc.elf' is downloaded to processor 'microblaze_0'.
23:12:42 INFO  : ----------------XSDB Script----------------
connect -url tcp:127.0.0.1:3121
targets -set -nocase -filter {name =~ "microblaze*#0" && bscan=="USER2"  && jtag_cable_name =~ "Digilent Cmod A7 - 15T 210328A2B3E4A"} -index 0
loadhw D:/Nora/cmod_a7_projects/blabla/blabla.sdk/design_1_wrapper_hw_platform_0/system.hdf
targets -set -nocase -filter {name =~ "microblaze*#0" && bscan=="USER2"  && jtag_cable_name =~ "Digilent Cmod A7 - 15T 210328A2B3E4A"} -index 0
rst -processor
targets -set -nocase -filter {name =~ "microblaze*#0" && bscan=="USER2"  && jtag_cable_name =~ "Digilent Cmod A7 - 15T 210328A2B3E4A"} -index 0
dow D:/Nora/cmod_a7_projects/blabla/blabla.sdk/adc/Debug/adc.elf
----------------End of Script----------------

23:12:42 INFO  : Memory regions updated for context MicroBlaze #0
23:12:42 INFO  : Memory regions updated for context MicroBlaze #0
23:12:42 INFO  : Context for processor 'microblaze_0' is selected.
23:12:42 INFO  : 'con' command is executed.
23:12:42 INFO  : ----------------XSDB Script (After Launch)----------------
targets -set -nocase -filter {name =~ "microblaze*#0" && bscan=="USER2"  && jtag_cable_name =~ "Digilent Cmod A7 - 15T 210328A2B3E4A"} -index 0
con
----------------End of Script----------------

23:12:42 INFO  : Launch script is exported to file 'D:\Nora\cmod_a7_projects\blabla\blabla.sdk\.sdk\launch_scripts\xilinx_c-c++_application_(system_debugger)\system_debugger_using_debug_adc.elf_on_local.tcl'
23:13:41 INFO  : Disconnected from the channel tcfchan#6.
23:13:42 ERROR : Unexpected error while parsing XMD response ?: com.google.gson.JsonSyntaxException: com.google.gson.stream.MalformedJsonException: invalid number or unquoted string near 
11:51:52 INFO  : Registering command handlers for SDK TCF services
11:51:53 INFO  : Launching XSCT server: xsct.bat -interactive D:\Nora\cmod_a7_projects\blabla\blabla.sdk\temp_xsdb_launch_script.tcl
11:51:54 INFO  : XSCT server has started successfully.
11:51:54 INFO  : Successfully done setting XSCT server connection channel  
11:51:54 INFO  : Processing command line option -hwspec D:/Nora/cmod_a7_projects/blabla/blabla.sdk/design_1_wrapper.hdf.
11:51:54 INFO  : Successfully done setting SDK workspace  
11:51:54 INFO  : Checking for hwspec changes in the project design_1_wrapper_hw_platform_0.
11:53:23 INFO  : Registering command handlers for SDK TCF services
11:53:23 INFO  : Launching XSCT server: xsct.bat -interactive D:\Nora\cmod_a7_projects\blabla\blabla.sdk\temp_xsdb_launch_script.tcl
11:53:24 INFO  : XSCT server has started successfully.
11:53:24 INFO  : Successfully done setting XSCT server connection channel  
11:53:24 INFO  : Successfully done setting SDK workspace  
11:53:24 INFO  : Processing command line option -hwspec D:/Nora/cmod_a7_projects/blabla/blabla.sdk/design_1_wrapper.hdf.
11:53:24 INFO  : Checking for hwspec changes in the project design_1_wrapper_hw_platform_0.
11:54:53 INFO  : Refreshed build settings on project adc
11:54:53 INFO  : Refreshed build settings on project adc_bsp_xsysmon_polled_example_1
11:54:53 INFO  : Refreshed build settings on project adc_bsp_xsysmon_polled_printf_example_1
12:10:55 INFO  : Refreshed build settings on project adc
12:10:55 INFO  : Refreshed build settings on project adc_bsp_xsysmon_polled_example_1
12:10:55 INFO  : Refreshed build settings on project adc_bsp_xsysmon_polled_printf_example_1
12:10:55 INFO  : Refreshed build settings on project boot
12:13:07 INFO  : Inferring section assignments and sizes from elf file: D:\Nora\cmod_a7_projects\blabla\blabla.sdk\adc\Debug\adc.elf
12:13:19 INFO  : Successfully generated D:\Nora\cmod_a7_projects\blabla\blabla.sdk\adc\src\lscript.ld.
12:13:19 INFO  : Applying linker script to all configurations of project adc.
12:13:19 INFO  : Setting rebuild state to true for all configurations of project adc.
12:13:35 INFO  : Successfully generated D:\Nora\cmod_a7_projects\blabla\blabla.sdk\boot\src\lscript.ld.
12:13:35 INFO  : Applying linker script to all configurations of project boot.
12:13:35 INFO  : Setting rebuild state to true for all configurations of project boot.
12:13:40 INFO  : 'targets -set -filter {jtag_cable_name =~ "Digilent Cmod A7 - 15T 210328A2B3E4A" && level==0} -index 0' command is executed.
12:13:40 INFO  : 'fpga -state' command is executed.
12:13:40 INFO  : Connected to target on host '127.0.0.1' and port '3121'.
12:13:40 INFO  : Jtag cable 'Digilent Cmod A7 - 15T 210328A2B3E4A' is selected.
12:13:40 INFO  : 'jtag frequency' command is executed.
12:13:40 INFO  : Context for processor 'microblaze_0' is selected.
12:13:40 INFO  : Hardware design information is loaded from 'D:/Nora/cmod_a7_projects/blabla/blabla.sdk/design_1_wrapper_hw_platform_0/system.hdf'.
12:13:40 INFO  : Context for processor 'microblaze_0' is selected.
12:13:40 INFO  : Processor reset is completed for 'microblaze_0'.
12:13:40 INFO  : Context for processor 'microblaze_0' is selected.
12:13:42 INFO  : The application 'D:/Nora/cmod_a7_projects/blabla/blabla.sdk/adc/Debug/adc.elf' is downloaded to processor 'microblaze_0'.
12:13:42 INFO  : ----------------XSDB Script----------------
connect -url tcp:127.0.0.1:3121
targets -set -nocase -filter {name =~ "microblaze*#0" && bscan=="USER2"  && jtag_cable_name =~ "Digilent Cmod A7 - 15T 210328A2B3E4A"} -index 0
loadhw D:/Nora/cmod_a7_projects/blabla/blabla.sdk/design_1_wrapper_hw_platform_0/system.hdf
targets -set -nocase -filter {name =~ "microblaze*#0" && bscan=="USER2"  && jtag_cable_name =~ "Digilent Cmod A7 - 15T 210328A2B3E4A"} -index 0
rst -processor
targets -set -nocase -filter {name =~ "microblaze*#0" && bscan=="USER2"  && jtag_cable_name =~ "Digilent Cmod A7 - 15T 210328A2B3E4A"} -index 0
dow D:/Nora/cmod_a7_projects/blabla/blabla.sdk/adc/Debug/adc.elf
----------------End of Script----------------

12:13:42 INFO  : Memory regions updated for context MicroBlaze #0
12:13:42 INFO  : Memory regions updated for context MicroBlaze #0
12:13:42 INFO  : Context for processor 'microblaze_0' is selected.
12:13:42 INFO  : 'con' command is executed.
12:13:42 INFO  : ----------------XSDB Script (After Launch)----------------
targets -set -nocase -filter {name =~ "microblaze*#0" && bscan=="USER2"  && jtag_cable_name =~ "Digilent Cmod A7 - 15T 210328A2B3E4A"} -index 0
con
----------------End of Script----------------

12:13:42 INFO  : Launch script is exported to file 'D:\Nora\cmod_a7_projects\blabla\blabla.sdk\.sdk\launch_scripts\xilinx_c-c++_application_(system_debugger)\system_debugger_using_debug_adc.elf_on_local.tcl'
12:14:26 INFO  : Disconnected from the channel tcfchan#1.
12:14:27 INFO  : 'targets -set -filter {jtag_cable_name =~ "Digilent Cmod A7 - 15T 210328A2B3E4A" && level==0} -index 0' command is executed.
12:14:27 INFO  : 'fpga -state' command is executed.
12:14:27 INFO  : Connected to target on host '127.0.0.1' and port '3121'.
12:14:28 INFO  : Jtag cable 'Digilent Cmod A7 - 15T 210328A2B3E4A' is selected.
12:14:28 INFO  : 'jtag frequency' command is executed.
12:14:28 INFO  : Context for processor 'microblaze_0' is selected.
12:14:28 INFO  : Hardware design information is loaded from 'D:/Nora/cmod_a7_projects/blabla/blabla.sdk/design_1_wrapper_hw_platform_0/system.hdf'.
12:14:28 INFO  : Context for processor 'microblaze_0' is selected.
12:14:28 INFO  : Processor reset is completed for 'microblaze_0'.
12:14:28 INFO  : Context for processor 'microblaze_0' is selected.
12:14:28 INFO  : The application 'D:/Nora/cmod_a7_projects/blabla/blabla.sdk/boot/Debug/boot.elf' is downloaded to processor 'microblaze_0'.
12:14:28 INFO  : ----------------XSDB Script----------------
connect -url tcp:127.0.0.1:3121
targets -set -nocase -filter {name =~ "microblaze*#0" && bscan=="USER2"  && jtag_cable_name =~ "Digilent Cmod A7 - 15T 210328A2B3E4A"} -index 0
loadhw D:/Nora/cmod_a7_projects/blabla/blabla.sdk/design_1_wrapper_hw_platform_0/system.hdf
targets -set -nocase -filter {name =~ "microblaze*#0" && bscan=="USER2"  && jtag_cable_name =~ "Digilent Cmod A7 - 15T 210328A2B3E4A"} -index 0
rst -processor
targets -set -nocase -filter {name =~ "microblaze*#0" && bscan=="USER2"  && jtag_cable_name =~ "Digilent Cmod A7 - 15T 210328A2B3E4A"} -index 0
dow D:/Nora/cmod_a7_projects/blabla/blabla.sdk/boot/Debug/boot.elf
----------------End of Script----------------

12:14:28 INFO  : Memory regions updated for context MicroBlaze #0
12:14:28 INFO  : Memory regions updated for context MicroBlaze #0
12:14:28 INFO  : Context for processor 'microblaze_0' is selected.
12:14:28 INFO  : 'con' command is executed.
12:14:28 INFO  : ----------------XSDB Script (After Launch)----------------
targets -set -nocase -filter {name =~ "microblaze*#0" && bscan=="USER2"  && jtag_cable_name =~ "Digilent Cmod A7 - 15T 210328A2B3E4A"} -index 0
con
----------------End of Script----------------

12:14:28 INFO  : Launch script is exported to file 'D:\Nora\cmod_a7_projects\blabla\blabla.sdk\.sdk\launch_scripts\xilinx_c-c++_application_(system_debugger)\system_debugger_using_debug_boot.elf_on_local.tcl'
12:15:49 INFO  : Disconnected from the channel tcfchan#2.
12:15:50 INFO  : 'targets -set -filter {jtag_cable_name =~ "Digilent Cmod A7 - 15T 210328A2B3E4A" && level==0} -index 0' command is executed.
12:15:50 INFO  : 'fpga -state' command is executed.
12:15:50 INFO  : Connected to target on host '127.0.0.1' and port '3121'.
12:15:50 INFO  : Jtag cable 'Digilent Cmod A7 - 15T 210328A2B3E4A' is selected.
12:15:50 INFO  : 'jtag frequency' command is executed.
12:15:50 INFO  : Context for processor 'microblaze_0' is selected.
12:15:50 INFO  : Hardware design information is loaded from 'D:/Nora/cmod_a7_projects/blabla/blabla.sdk/design_1_wrapper_hw_platform_0/system.hdf'.
12:15:50 INFO  : Context for processor 'microblaze_0' is selected.
12:15:50 INFO  : Processor reset is completed for 'microblaze_0'.
12:15:50 INFO  : Context for processor 'microblaze_0' is selected.
12:15:51 INFO  : The application 'D:/Nora/cmod_a7_projects/blabla/blabla.sdk/boot/Debug/boot.elf' is downloaded to processor 'microblaze_0'.
12:15:51 INFO  : ----------------XSDB Script----------------
connect -url tcp:127.0.0.1:3121
targets -set -nocase -filter {name =~ "microblaze*#0" && bscan=="USER2"  && jtag_cable_name =~ "Digilent Cmod A7 - 15T 210328A2B3E4A"} -index 0
loadhw D:/Nora/cmod_a7_projects/blabla/blabla.sdk/design_1_wrapper_hw_platform_0/system.hdf
targets -set -nocase -filter {name =~ "microblaze*#0" && bscan=="USER2"  && jtag_cable_name =~ "Digilent Cmod A7 - 15T 210328A2B3E4A"} -index 0
rst -processor
targets -set -nocase -filter {name =~ "microblaze*#0" && bscan=="USER2"  && jtag_cable_name =~ "Digilent Cmod A7 - 15T 210328A2B3E4A"} -index 0
dow D:/Nora/cmod_a7_projects/blabla/blabla.sdk/boot/Debug/boot.elf
----------------End of Script----------------

12:15:51 INFO  : Memory regions updated for context MicroBlaze #0
12:15:51 INFO  : Memory regions updated for context MicroBlaze #0
12:15:51 INFO  : Context for processor 'microblaze_0' is selected.
12:15:51 INFO  : 'con' command is executed.
12:15:51 INFO  : ----------------XSDB Script (After Launch)----------------
targets -set -nocase -filter {name =~ "microblaze*#0" && bscan=="USER2"  && jtag_cable_name =~ "Digilent Cmod A7 - 15T 210328A2B3E4A"} -index 0
con
----------------End of Script----------------

12:15:51 INFO  : Launch script is exported to file 'D:\Nora\cmod_a7_projects\blabla\blabla.sdk\.sdk\launch_scripts\xilinx_c-c++_application_(system_debugger)\system_debugger_using_debug_boot.elf_on_local.tcl'
12:16:15 INFO  : Connected to target on host '127.0.0.1' and port '3121'.
12:16:15 INFO  : 'targets -set -filter {jtag_cable_name =~ "Digilent Cmod A7 - 15T 210328A2B3E4A" && level==0} -index 0' command is executed.
12:16:15 ERROR : couldn't open "D:/Nora/cmod_a7_projects/blabla/blabla.sdk/design_1_wrapper_hw_platform_0/download.bit": no such file or directory
12:16:36 INFO  : Disconnected from the channel tcfchan#3.
12:20:41 INFO  : Registering command handlers for SDK TCF services
12:20:41 INFO  : Launching XSCT server: xsct.bat -interactive D:\Nora\cmod_a7_projects\blabla\blabla.sdk\temp_xsdb_launch_script.tcl
12:20:42 INFO  : XSCT server has started successfully.
12:20:43 INFO  : Successfully done setting XSCT server connection channel  
12:20:43 INFO  : Successfully done setting SDK workspace  
12:20:43 INFO  : Processing command line option -hwspec D:/Nora/cmod_a7_projects/blabla/blabla.sdk/design_1_wrapper.hdf.
12:20:43 INFO  : Checking for hwspec changes in the project design_1_wrapper_hw_platform_0.
12:20:52 INFO  : Inferring section assignments and sizes from elf file: D:\Nora\cmod_a7_projects\blabla\blabla.sdk\adc\Debug\adc.elf
12:20:56 INFO  : Successfully generated D:\Nora\cmod_a7_projects\blabla\blabla.sdk\adc\src\lscript.ld.
12:20:56 INFO  : Applying linker script to all configurations of project adc.
12:20:56 INFO  : Setting rebuild state to true for all configurations of project adc.
12:21:06 INFO  : Connected to target on host '127.0.0.1' and port '3121'.
12:21:06 INFO  : 'targets -set -filter {jtag_cable_name =~ "Digilent Cmod A7 - 15T 210328A2B3E4A" && level==0} -index 0' command is executed.
12:21:06 ERROR : couldn't open "D:/Nora/cmod_a7_projects/blabla/blabla.sdk/design_1_wrapper_hw_platform_0/download.bit": no such file or directory
12:21:30 INFO  : Connected to target on host '127.0.0.1' and port '3121'.
12:21:41 INFO  : Connected to target on host '127.0.0.1' and port '3121'.
12:21:41 INFO  : 'targets -set -filter {jtag_cable_name =~ "Digilent Cmod A7 - 15T 210328A2B3E4A" && level==0} -index 0' command is executed.
12:21:41 ERROR : couldn't open "D:/Nora/cmod_a7_projects/blabla/blabla.sdk/design_1_wrapper_hw_platform_0/download.bit": no such file or directory
12:22:28 INFO  : Connected to target on host '127.0.0.1' and port '3121'.
12:22:28 INFO  : 'targets -set -filter {jtag_cable_name =~ "Digilent Cmod A7 - 15T 210328A2B3E4A" && level==0} -index 0' command is executed.
12:22:28 ERROR : couldn't open "D:/Nora/cmod_a7_projects/blabla/blabla.sdk/design_1_wrapper_hw_platform_0/download.bit": no such file or directory
13:06:48 INFO  : Launching XSCT server: xsct.bat -interactive D:\Nora\cmod_a7_projects\blabla\blabla.sdk\temp_xsdb_launch_script.tcl
13:06:49 INFO  : XSCT server has started successfully.
13:06:49 INFO  : Successfully done setting XSCT server connection channel  
13:06:49 INFO  : Successfully done setting SDK workspace  
13:06:50 INFO  : Registering command handlers for SDK TCF services
13:06:50 INFO  : Processing command line option -hwspec D:/Nora/cmod_a7_projects/blabla/blabla.sdk/design_1_wrapper.hdf.
13:06:50 INFO  : Checking for hwspec changes in the project design_1_wrapper_hw_platform_0.
13:06:50 INFO  : SDK has detected change in the last modified timestamps for source hardware specification file Source:1481798447550,  Project:1481662553699
13:06:50 INFO  : The hardware specification for project 'design_1_wrapper_hw_platform_0' is different from D:/Nora/cmod_a7_projects/blabla/blabla.sdk/design_1_wrapper.hdf.
13:06:50 INFO  : Copied contents of D:/Nora/cmod_a7_projects/blabla/blabla.sdk/design_1_wrapper.hdf into \design_1_wrapper_hw_platform_0\system.hdf.
13:06:50 INFO  : Synchronizing projects in the workspace with the hardware platform specification changes.
13:06:51 INFO  : 
13:06:52 INFO  : Updating hardware inferred compiler options for adc.
13:06:53 INFO  : Updating hardware inferred compiler options for adc_bsp_xsysmon_polled_example_1.
13:06:54 INFO  : Updating hardware inferred compiler options for adc_bsp_xsysmon_polled_printf_example_1.
13:06:55 INFO  : Updating hardware inferred compiler options for boot.
13:06:55 INFO  : Clearing existing target manager status.
13:13:25 INFO  : Connected to target on host '127.0.0.1' and port '3121'.
13:13:25 INFO  : 'targets -set -filter {jtag_cable_name =~ "Digilent Cmod A7 - 15T 210328A2B3E4A" && level==0} -index 0' command is executed.
13:13:25 ERROR : couldn't open "D:/Nora/cmod_a7_projects/blabla/blabla.sdk/design_1_wrapper_hw_platform_0/download.bit": no such file or directory
13:13:31 INFO  : Inferring section assignments and sizes from elf file: D:\Nora\cmod_a7_projects\blabla\blabla.sdk\boot\Debug\boot.elf
13:13:38 INFO  : Successfully generated D:\Nora\cmod_a7_projects\blabla\blabla.sdk\boot\src\lscript.ld.
13:13:38 INFO  : Applying linker script to all configurations of project boot.
13:13:38 INFO  : Setting rebuild state to true for all configurations of project boot.
13:13:45 INFO  : 'targets -set -filter {jtag_cable_name =~ "Digilent Cmod A7 - 15T 210328A2B3E4A" && level==0} -index 0' command is executed.
13:13:45 INFO  : 'fpga -state' command is executed.
13:13:45 INFO  : Connected to target on host '127.0.0.1' and port '3121'.
13:13:45 INFO  : Jtag cable 'Digilent Cmod A7 - 15T 210328A2B3E4A' is selected.
13:13:45 INFO  : 'jtag frequency' command is executed.
13:13:45 INFO  : Context for processor 'microblaze_0' is selected.
13:13:45 INFO  : Hardware design information is loaded from 'D:/Nora/cmod_a7_projects/blabla/blabla.sdk/design_1_wrapper_hw_platform_0/system.hdf'.
13:13:45 INFO  : Context for processor 'microblaze_0' is selected.
13:13:45 INFO  : Processor reset is completed for 'microblaze_0'.
13:13:45 INFO  : Context for processor 'microblaze_0' is selected.
13:13:45 INFO  : The application 'D:/Nora/cmod_a7_projects/blabla/blabla.sdk/boot/Debug/boot.elf' is downloaded to processor 'microblaze_0'.
13:13:45 INFO  : ----------------XSDB Script----------------
connect -url tcp:127.0.0.1:3121
targets -set -nocase -filter {name =~ "microblaze*#0" && bscan=="USER2"  && jtag_cable_name =~ "Digilent Cmod A7 - 15T 210328A2B3E4A"} -index 0
loadhw D:/Nora/cmod_a7_projects/blabla/blabla.sdk/design_1_wrapper_hw_platform_0/system.hdf
targets -set -nocase -filter {name =~ "microblaze*#0" && bscan=="USER2"  && jtag_cable_name =~ "Digilent Cmod A7 - 15T 210328A2B3E4A"} -index 0
rst -processor
targets -set -nocase -filter {name =~ "microblaze*#0" && bscan=="USER2"  && jtag_cable_name =~ "Digilent Cmod A7 - 15T 210328A2B3E4A"} -index 0
dow D:/Nora/cmod_a7_projects/blabla/blabla.sdk/boot/Debug/boot.elf
----------------End of Script----------------

13:13:45 INFO  : Memory regions updated for context MicroBlaze #0
13:13:45 INFO  : Memory regions updated for context MicroBlaze #0
13:13:45 INFO  : Context for processor 'microblaze_0' is selected.
13:13:45 INFO  : 'con' command is executed.
13:13:45 INFO  : ----------------XSDB Script (After Launch)----------------
targets -set -nocase -filter {name =~ "microblaze*#0" && bscan=="USER2"  && jtag_cable_name =~ "Digilent Cmod A7 - 15T 210328A2B3E4A"} -index 0
con
----------------End of Script----------------

13:13:45 INFO  : Launch script is exported to file 'D:\Nora\cmod_a7_projects\blabla\blabla.sdk\.sdk\launch_scripts\xilinx_c-c++_application_(system_debugger)\system_debugger_using_debug_boot.elf_on_local.tcl'
13:14:06 INFO  : Connected to target on host '127.0.0.1' and port '3121'.
13:14:06 INFO  : 'targets -set -filter {jtag_cable_name =~ "Digilent Cmod A7 - 15T 210328A2B3E4A" && level==0} -index 0' command is executed.
13:14:08 INFO  : FPGA configured successfully with bitstream "D:/Nora/cmod_a7_projects/blabla/blabla.sdk/design_1_wrapper_hw_platform_0/download.bit"
13:14:28 INFO  : Connected to target on host '127.0.0.1' and port '3121'.
13:14:35 INFO  : Connected to target on host '127.0.0.1' and port '3121'.
13:18:58 INFO  : Connected to target on host '127.0.0.1' and port '3121'.
13:20:10 INFO  : Converting 'microblaze' ELF file 'D:\Nora\cmod_a7_projects\microblaze_new\microblaze_new.sdk\adc\Debug\adc.elf' into bootable SREC format.
13:20:10 INFO  : Caching converted image as 'D:\Nora\cmod_a7_projects\blabla\blabla.sdk\design_1_wrapper_hw_platform_0\cache\adc.elf.srec'.
13:20:12 INFO  : Invoking Bootgen: bootgen -arch fpga -image D:/Nora/cmod_a7_projects/blabla/blabla.sdk/design_1_wrapper_hw_platform_0/cache/bootimage.bif -w -o D:/Nora/cmod_a7_projects/blabla/blabla.sdk/design_1_wrapper_hw_platform_0/cache/BOOT.bin  -interface spi
13:20:12 INFO  : Bootgen command execution is done.
13:20:33 INFO  : Connected to target on host '127.0.0.1' and port '3121'.
13:20:39 INFO  : Converting 'microblaze' ELF file 'D:\Nora\cmod_a7_projects\microblaze_new\microblaze_new.sdk\adc\Debug\adc.elf' into bootable SREC format.
13:20:39 INFO  : Caching converted image as 'D:\Nora\cmod_a7_projects\blabla\blabla.sdk\design_1_wrapper_hw_platform_0\cache\adc.elf.srec'.
13:20:40 INFO  : Invoking Bootgen: bootgen -arch fpga -image D:/Nora/cmod_a7_projects/blabla/blabla.sdk/design_1_wrapper_hw_platform_0/cache/bootimage.bif -w -o D:/Nora/cmod_a7_projects/blabla/blabla.sdk/design_1_wrapper_hw_platform_0/cache/BOOT.bin  -interface spi
13:20:40 INFO  : Bootgen command execution is done.
13:42:17 INFO  : Connected to target on host '127.0.0.1' and port '3121'.
13:42:17 INFO  : 'targets -set -filter {jtag_cable_name =~ "Digilent Cmod A7 - 15T 210328A2B3E4A" && level==0} -index 0' command is executed.
13:42:18 INFO  : FPGA configured successfully with bitstream "D:/Nora/cmod_a7_projects/blabla/blabla.sdk/design_1_wrapper_hw_platform_0/download.bit"
13:42:23 INFO  : Connected to target on host '127.0.0.1' and port '3121'.
13:42:35 INFO  : Converting 'microblaze' ELF file 'D:\Nora\cmod_a7_projects\microblaze_new\microblaze_new.sdk\adc\Debug\adc.elf' into bootable SREC format.
13:42:35 INFO  : Caching converted image as 'D:\Nora\cmod_a7_projects\blabla\blabla.sdk\design_1_wrapper_hw_platform_0\cache\adc.elf.srec'.
13:42:38 INFO  : Invoking Bootgen: bootgen -arch fpga -image D:/Nora/cmod_a7_projects/blabla/blabla.sdk/design_1_wrapper_hw_platform_0/cache/bootimage.bif -w -o D:/Nora/cmod_a7_projects/blabla/blabla.sdk/design_1_wrapper_hw_platform_0/cache/BOOT.bin  -interface spi
13:42:38 INFO  : Bootgen command execution is done.
13:42:54 INFO  : Inferring section assignments and sizes from elf file: D:\Nora\cmod_a7_projects\blabla\blabla.sdk\boot\Debug\boot.elf
13:43:04 INFO  : Successfully generated D:\Nora\cmod_a7_projects\blabla\blabla.sdk\boot\src\lscript.ld.
13:43:04 INFO  : Applying linker script to all configurations of project boot.
13:43:04 INFO  : Setting rebuild state to true for all configurations of project boot.
13:43:11 INFO  : Disconnected from the channel tcfchan#1.
13:43:12 INFO  : 'targets -set -filter {jtag_cable_name =~ "Digilent Cmod A7 - 15T 210328A2B3E4A" && level==0} -index 0' command is executed.
13:43:12 INFO  : 'fpga -state' command is executed.
13:43:12 INFO  : Connected to target on host '127.0.0.1' and port '3121'.
13:43:12 INFO  : Jtag cable 'Digilent Cmod A7 - 15T 210328A2B3E4A' is selected.
13:43:12 INFO  : 'jtag frequency' command is executed.
13:43:12 INFO  : Context for processor 'microblaze_0' is selected.
13:43:12 INFO  : Hardware design information is loaded from 'D:/Nora/cmod_a7_projects/blabla/blabla.sdk/design_1_wrapper_hw_platform_0/system.hdf'.
13:43:12 INFO  : Context for processor 'microblaze_0' is selected.
13:43:12 INFO  : Processor reset is completed for 'microblaze_0'.
13:43:12 INFO  : Context for processor 'microblaze_0' is selected.
13:43:13 INFO  : The application 'D:/Nora/cmod_a7_projects/blabla/blabla.sdk/boot/Debug/boot.elf' is downloaded to processor 'microblaze_0'.
13:43:13 INFO  : ----------------XSDB Script----------------
connect -url tcp:127.0.0.1:3121
targets -set -nocase -filter {name =~ "microblaze*#0" && bscan=="USER2"  && jtag_cable_name =~ "Digilent Cmod A7 - 15T 210328A2B3E4A"} -index 0
loadhw D:/Nora/cmod_a7_projects/blabla/blabla.sdk/design_1_wrapper_hw_platform_0/system.hdf
targets -set -nocase -filter {name =~ "microblaze*#0" && bscan=="USER2"  && jtag_cable_name =~ "Digilent Cmod A7 - 15T 210328A2B3E4A"} -index 0
rst -processor
targets -set -nocase -filter {name =~ "microblaze*#0" && bscan=="USER2"  && jtag_cable_name =~ "Digilent Cmod A7 - 15T 210328A2B3E4A"} -index 0
dow D:/Nora/cmod_a7_projects/blabla/blabla.sdk/boot/Debug/boot.elf
----------------End of Script----------------

13:43:13 INFO  : Memory regions updated for context MicroBlaze #0
13:43:13 INFO  : Memory regions updated for context MicroBlaze #0
13:43:13 INFO  : Context for processor 'microblaze_0' is selected.
13:43:13 INFO  : 'con' command is executed.
13:43:13 INFO  : ----------------XSDB Script (After Launch)----------------
targets -set -nocase -filter {name =~ "microblaze*#0" && bscan=="USER2"  && jtag_cable_name =~ "Digilent Cmod A7 - 15T 210328A2B3E4A"} -index 0
con
----------------End of Script----------------

13:43:13 INFO  : Launch script is exported to file 'D:\Nora\cmod_a7_projects\blabla\blabla.sdk\.sdk\launch_scripts\xilinx_c-c++_application_(system_debugger)\system_debugger_using_debug_boot.elf_on_local.tcl'
13:43:24 INFO  : Connected to target on host '127.0.0.1' and port '3121'.
13:43:24 INFO  : 'targets -set -filter {jtag_cable_name =~ "Digilent Cmod A7 - 15T 210328A2B3E4A" && level==0} -index 0' command is executed.
13:43:26 INFO  : FPGA configured successfully with bitstream "D:/Nora/cmod_a7_projects/blabla/blabla.sdk/design_1_wrapper_hw_platform_0/download.bit"
13:43:37 INFO  : Inferring section assignments and sizes from elf file: D:\Nora\cmod_a7_projects\blabla\blabla.sdk\boot\Debug\boot.elf
13:43:46 INFO  : Successfully generated D:\Nora\cmod_a7_projects\blabla\blabla.sdk\boot\src\lscript.ld.
13:43:46 INFO  : Applying linker script to all configurations of project boot.
13:43:46 INFO  : Setting rebuild state to true for all configurations of project boot.
13:43:59 INFO  : Disconnected from the channel tcfchan#2.
13:44:00 INFO  : 'targets -set -filter {jtag_cable_name =~ "Digilent Cmod A7 - 15T 210328A2B3E4A" && level==0} -index 0' command is executed.
13:44:00 INFO  : 'fpga -state' command is executed.
13:44:00 INFO  : Connected to target on host '127.0.0.1' and port '3121'.
13:44:00 INFO  : Jtag cable 'Digilent Cmod A7 - 15T 210328A2B3E4A' is selected.
13:44:00 INFO  : 'jtag frequency' command is executed.
13:44:00 INFO  : Context for processor 'microblaze_0' is selected.
13:44:00 INFO  : Hardware design information is loaded from 'D:/Nora/cmod_a7_projects/blabla/blabla.sdk/design_1_wrapper_hw_platform_0/system.hdf'.
13:44:00 INFO  : Context for processor 'microblaze_0' is selected.
13:44:00 INFO  : Processor reset is completed for 'microblaze_0'.
13:44:00 INFO  : Context for processor 'microblaze_0' is selected.
13:44:00 INFO  : The application 'D:/Nora/cmod_a7_projects/blabla/blabla.sdk/boot/Debug/boot.elf' is downloaded to processor 'microblaze_0'.
13:44:00 INFO  : ----------------XSDB Script----------------
connect -url tcp:127.0.0.1:3121
targets -set -nocase -filter {name =~ "microblaze*#0" && bscan=="USER2"  && jtag_cable_name =~ "Digilent Cmod A7 - 15T 210328A2B3E4A"} -index 0
loadhw D:/Nora/cmod_a7_projects/blabla/blabla.sdk/design_1_wrapper_hw_platform_0/system.hdf
targets -set -nocase -filter {name =~ "microblaze*#0" && bscan=="USER2"  && jtag_cable_name =~ "Digilent Cmod A7 - 15T 210328A2B3E4A"} -index 0
rst -processor
targets -set -nocase -filter {name =~ "microblaze*#0" && bscan=="USER2"  && jtag_cable_name =~ "Digilent Cmod A7 - 15T 210328A2B3E4A"} -index 0
dow D:/Nora/cmod_a7_projects/blabla/blabla.sdk/boot/Debug/boot.elf
----------------End of Script----------------

13:44:00 INFO  : Memory regions updated for context MicroBlaze #0
13:44:00 INFO  : Memory regions updated for context MicroBlaze #0
13:44:00 INFO  : Context for processor 'microblaze_0' is selected.
13:44:00 INFO  : 'con' command is executed.
13:44:00 INFO  : ----------------XSDB Script (After Launch)----------------
targets -set -nocase -filter {name =~ "microblaze*#0" && bscan=="USER2"  && jtag_cable_name =~ "Digilent Cmod A7 - 15T 210328A2B3E4A"} -index 0
con
----------------End of Script----------------

13:44:00 INFO  : Launch script is exported to file 'D:\Nora\cmod_a7_projects\blabla\blabla.sdk\.sdk\launch_scripts\xilinx_c-c++_application_(system_debugger)\system_debugger_using_debug_boot.elf_on_local.tcl'
13:44:16 INFO  : Disconnected from the channel tcfchan#3.
13:44:17 INFO  : 'targets -set -filter {jtag_cable_name =~ "Digilent Cmod A7 - 15T 210328A2B3E4A" && level==0} -index 0' command is executed.
13:44:17 INFO  : 'fpga -state' command is executed.
13:44:17 INFO  : Connected to target on host '127.0.0.1' and port '3121'.
13:44:17 INFO  : Jtag cable 'Digilent Cmod A7 - 15T 210328A2B3E4A' is selected.
13:44:17 INFO  : 'jtag frequency' command is executed.
13:44:17 INFO  : Context for processor 'microblaze_0' is selected.
13:44:17 INFO  : Hardware design information is loaded from 'D:/Nora/cmod_a7_projects/blabla/blabla.sdk/design_1_wrapper_hw_platform_0/system.hdf'.
13:44:17 INFO  : Context for processor 'microblaze_0' is selected.
13:44:17 INFO  : Processor reset is completed for 'microblaze_0'.
13:44:17 INFO  : Context for processor 'microblaze_0' is selected.
13:44:18 INFO  : The application 'D:/Nora/cmod_a7_projects/blabla/blabla.sdk/boot/Debug/boot.elf' is downloaded to processor 'microblaze_0'.
13:44:18 INFO  : ----------------XSDB Script----------------
connect -url tcp:127.0.0.1:3121
targets -set -nocase -filter {name =~ "microblaze*#0" && bscan=="USER2"  && jtag_cable_name =~ "Digilent Cmod A7 - 15T 210328A2B3E4A"} -index 0
loadhw D:/Nora/cmod_a7_projects/blabla/blabla.sdk/design_1_wrapper_hw_platform_0/system.hdf
targets -set -nocase -filter {name =~ "microblaze*#0" && bscan=="USER2"  && jtag_cable_name =~ "Digilent Cmod A7 - 15T 210328A2B3E4A"} -index 0
rst -processor
targets -set -nocase -filter {name =~ "microblaze*#0" && bscan=="USER2"  && jtag_cable_name =~ "Digilent Cmod A7 - 15T 210328A2B3E4A"} -index 0
dow D:/Nora/cmod_a7_projects/blabla/blabla.sdk/boot/Debug/boot.elf
----------------End of Script----------------

13:44:18 INFO  : Memory regions updated for context MicroBlaze #0
13:44:18 INFO  : Memory regions updated for context MicroBlaze #0
13:44:18 INFO  : Context for processor 'microblaze_0' is selected.
13:44:18 INFO  : 'con' command is executed.
13:44:18 INFO  : ----------------XSDB Script (After Launch)----------------
targets -set -nocase -filter {name =~ "microblaze*#0" && bscan=="USER2"  && jtag_cable_name =~ "Digilent Cmod A7 - 15T 210328A2B3E4A"} -index 0
con
----------------End of Script----------------

13:44:18 INFO  : Launch script is exported to file 'D:\Nora\cmod_a7_projects\blabla\blabla.sdk\.sdk\launch_scripts\xilinx_c-c++_application_(system_debugger)\system_debugger_using_debug_boot.elf_on_local.tcl'
13:44:25 INFO  : Inferring section assignments and sizes from elf file: D:\Nora\cmod_a7_projects\blabla\blabla.sdk\adc\Debug\adc.elf
13:44:38 INFO  : Successfully generated D:\Nora\cmod_a7_projects\blabla\blabla.sdk\adc\src\lscript.ld.
13:44:38 INFO  : Applying linker script to all configurations of project adc.
13:44:38 INFO  : Setting rebuild state to true for all configurations of project adc.
13:44:57 INFO  : Connected to target on host '127.0.0.1' and port '3121'.
13:44:57 INFO  : 'targets -set -filter {jtag_cable_name =~ "Digilent Cmod A7 - 15T 210328A2B3E4A" && level==0} -index 0' command is executed.
13:44:58 INFO  : FPGA configured successfully with bitstream "D:/Nora/cmod_a7_projects/blabla/blabla.sdk/design_1_wrapper_hw_platform_0/download.bit"
13:54:55 INFO  : Disconnected from the channel tcfchan#4.
13:54:56 ERROR : Unexpected error while parsing XMD response ?: com.google.gson.JsonSyntaxException: com.google.gson.stream.MalformedJsonException: invalid number or unquoted string near 
15:51:21 INFO  : Registering command handlers for SDK TCF services
15:51:21 INFO  : Launching XSCT server: xsct.bat -interactive D:\Nora\cmod_a7_projects\blabla\blabla.sdk\temp_xsdb_launch_script.tcl
15:51:22 INFO  : XSCT server has started successfully.
15:51:22 INFO  : Successfully done setting XSCT server connection channel  
15:51:23 INFO  : Successfully done setting SDK workspace  
15:51:23 INFO  : Processing command line option -hwspec D:/Nora/cmod_a7_projects/blabla/blabla.sdk/design_1_wrapper.hdf.
15:51:23 INFO  : Checking for hwspec changes in the project design_1_wrapper_hw_platform_0.
