
*** Running vivado
    with args -log design_1_xadc_wiz_0_0.vds -m64 -product Vivado -mode batch -messageDb vivado.pb -notrace -source design_1_xadc_wiz_0_0.tcl


****** Vivado v2016.3 (64-bit)
  **** SW Build 1682563 on Mon Oct 10 19:07:27 MDT 2016
  **** IP Build 1681267 on Mon Oct 10 21:28:31 MDT 2016
    ** Copyright 1986-2016 Xilinx, Inc. All Rights Reserved.

source design_1_xadc_wiz_0_0.tcl -notrace
Starting RTL Elaboration : Time (s): cpu = 00:00:06 ; elapsed = 00:00:06 . Memory (MB): peak = 353.141 ; gain = 142.691
INFO: [Synth 8-638] synthesizing module 'design_1_xadc_wiz_0_0' [d:/Nora/cmod_a7_projects/blabla/blabla.srcs/sources_1/bd/design_1/ip/design_1_xadc_wiz_0_0/design_1_xadc_wiz_0_0.vhd:102]
INFO: [Synth 8-638] synthesizing module 'design_1_xadc_wiz_0_0_axi_xadc' [d:/Nora/cmod_a7_projects/blabla/blabla.srcs/sources_1/bd/design_1/ip/design_1_xadc_wiz_0_0/design_1_xadc_wiz_0_0_axi_xadc.vhd:240]
INFO: [Synth 8-638] synthesizing module 'design_1_xadc_wiz_0_0_axi_lite_ipif' [d:/Nora/cmod_a7_projects/blabla/blabla.srcs/sources_1/bd/design_1/ip/design_1_xadc_wiz_0_0/axi_lite_ipif_v1_01_a/hdl/src/vhdl/design_1_xadc_wiz_0_0_axi_lite_ipif.vhd:241]
INFO: [Synth 8-638] synthesizing module 'design_1_xadc_wiz_0_0_slave_attachment' [d:/Nora/cmod_a7_projects/blabla/blabla.srcs/sources_1/bd/design_1/ip/design_1_xadc_wiz_0_0/axi_lite_ipif_v1_01_a/hdl/src/vhdl/design_1_xadc_wiz_0_0_slave_attachment.vhd:227]
INFO: [Synth 8-638] synthesizing module 'design_1_xadc_wiz_0_0_address_decoder' [d:/Nora/cmod_a7_projects/blabla/blabla.srcs/sources_1/bd/design_1/ip/design_1_xadc_wiz_0_0/axi_lite_ipif_v1_01_a/hdl/src/vhdl/design_1_xadc_wiz_0_0_address_decoder.vhd:176]
INFO: [Synth 8-638] synthesizing module 'design_1_xadc_wiz_0_0_pselect_f' [d:/Nora/cmod_a7_projects/blabla/blabla.srcs/sources_1/bd/design_1/ip/design_1_xadc_wiz_0_0/proc_common_v3_30_a/hdl/src/vhdl/design_1_xadc_wiz_0_0_pselect_f.vhd:167]
INFO: [Synth 8-256] done synthesizing module 'design_1_xadc_wiz_0_0_pselect_f' (1#1) [d:/Nora/cmod_a7_projects/blabla/blabla.srcs/sources_1/bd/design_1/ip/design_1_xadc_wiz_0_0/proc_common_v3_30_a/hdl/src/vhdl/design_1_xadc_wiz_0_0_pselect_f.vhd:167]
INFO: [Synth 8-638] synthesizing module 'design_1_xadc_wiz_0_0_pselect_f__parameterized0' [d:/Nora/cmod_a7_projects/blabla/blabla.srcs/sources_1/bd/design_1/ip/design_1_xadc_wiz_0_0/proc_common_v3_30_a/hdl/src/vhdl/design_1_xadc_wiz_0_0_pselect_f.vhd:167]
INFO: [Synth 8-256] done synthesizing module 'design_1_xadc_wiz_0_0_pselect_f__parameterized0' (1#1) [d:/Nora/cmod_a7_projects/blabla/blabla.srcs/sources_1/bd/design_1/ip/design_1_xadc_wiz_0_0/proc_common_v3_30_a/hdl/src/vhdl/design_1_xadc_wiz_0_0_pselect_f.vhd:167]
INFO: [Synth 8-638] synthesizing module 'design_1_xadc_wiz_0_0_pselect_f__parameterized1' [d:/Nora/cmod_a7_projects/blabla/blabla.srcs/sources_1/bd/design_1/ip/design_1_xadc_wiz_0_0/proc_common_v3_30_a/hdl/src/vhdl/design_1_xadc_wiz_0_0_pselect_f.vhd:167]
INFO: [Synth 8-256] done synthesizing module 'design_1_xadc_wiz_0_0_pselect_f__parameterized1' (1#1) [d:/Nora/cmod_a7_projects/blabla/blabla.srcs/sources_1/bd/design_1/ip/design_1_xadc_wiz_0_0/proc_common_v3_30_a/hdl/src/vhdl/design_1_xadc_wiz_0_0_pselect_f.vhd:167]
INFO: [Synth 8-638] synthesizing module 'design_1_xadc_wiz_0_0_pselect_f__parameterized2' [d:/Nora/cmod_a7_projects/blabla/blabla.srcs/sources_1/bd/design_1/ip/design_1_xadc_wiz_0_0/proc_common_v3_30_a/hdl/src/vhdl/design_1_xadc_wiz_0_0_pselect_f.vhd:167]
INFO: [Synth 8-256] done synthesizing module 'design_1_xadc_wiz_0_0_pselect_f__parameterized2' (1#1) [d:/Nora/cmod_a7_projects/blabla/blabla.srcs/sources_1/bd/design_1/ip/design_1_xadc_wiz_0_0/proc_common_v3_30_a/hdl/src/vhdl/design_1_xadc_wiz_0_0_pselect_f.vhd:167]
INFO: [Synth 8-638] synthesizing module 'design_1_xadc_wiz_0_0_pselect_f__parameterized3' [d:/Nora/cmod_a7_projects/blabla/blabla.srcs/sources_1/bd/design_1/ip/design_1_xadc_wiz_0_0/proc_common_v3_30_a/hdl/src/vhdl/design_1_xadc_wiz_0_0_pselect_f.vhd:167]
INFO: [Synth 8-256] done synthesizing module 'design_1_xadc_wiz_0_0_pselect_f__parameterized3' (1#1) [d:/Nora/cmod_a7_projects/blabla/blabla.srcs/sources_1/bd/design_1/ip/design_1_xadc_wiz_0_0/proc_common_v3_30_a/hdl/src/vhdl/design_1_xadc_wiz_0_0_pselect_f.vhd:167]
INFO: [Synth 8-638] synthesizing module 'design_1_xadc_wiz_0_0_pselect_f__parameterized4' [d:/Nora/cmod_a7_projects/blabla/blabla.srcs/sources_1/bd/design_1/ip/design_1_xadc_wiz_0_0/proc_common_v3_30_a/hdl/src/vhdl/design_1_xadc_wiz_0_0_pselect_f.vhd:167]
INFO: [Synth 8-256] done synthesizing module 'design_1_xadc_wiz_0_0_pselect_f__parameterized4' (1#1) [d:/Nora/cmod_a7_projects/blabla/blabla.srcs/sources_1/bd/design_1/ip/design_1_xadc_wiz_0_0/proc_common_v3_30_a/hdl/src/vhdl/design_1_xadc_wiz_0_0_pselect_f.vhd:167]
INFO: [Synth 8-638] synthesizing module 'design_1_xadc_wiz_0_0_pselect_f__parameterized5' [d:/Nora/cmod_a7_projects/blabla/blabla.srcs/sources_1/bd/design_1/ip/design_1_xadc_wiz_0_0/proc_common_v3_30_a/hdl/src/vhdl/design_1_xadc_wiz_0_0_pselect_f.vhd:167]
INFO: [Synth 8-256] done synthesizing module 'design_1_xadc_wiz_0_0_pselect_f__parameterized5' (1#1) [d:/Nora/cmod_a7_projects/blabla/blabla.srcs/sources_1/bd/design_1/ip/design_1_xadc_wiz_0_0/proc_common_v3_30_a/hdl/src/vhdl/design_1_xadc_wiz_0_0_pselect_f.vhd:167]
INFO: [Synth 8-638] synthesizing module 'design_1_xadc_wiz_0_0_pselect_f__parameterized6' [d:/Nora/cmod_a7_projects/blabla/blabla.srcs/sources_1/bd/design_1/ip/design_1_xadc_wiz_0_0/proc_common_v3_30_a/hdl/src/vhdl/design_1_xadc_wiz_0_0_pselect_f.vhd:167]
INFO: [Synth 8-256] done synthesizing module 'design_1_xadc_wiz_0_0_pselect_f__parameterized6' (1#1) [d:/Nora/cmod_a7_projects/blabla/blabla.srcs/sources_1/bd/design_1/ip/design_1_xadc_wiz_0_0/proc_common_v3_30_a/hdl/src/vhdl/design_1_xadc_wiz_0_0_pselect_f.vhd:167]
INFO: [Synth 8-638] synthesizing module 'design_1_xadc_wiz_0_0_pselect_f__parameterized7' [d:/Nora/cmod_a7_projects/blabla/blabla.srcs/sources_1/bd/design_1/ip/design_1_xadc_wiz_0_0/proc_common_v3_30_a/hdl/src/vhdl/design_1_xadc_wiz_0_0_pselect_f.vhd:167]
INFO: [Synth 8-256] done synthesizing module 'design_1_xadc_wiz_0_0_pselect_f__parameterized7' (1#1) [d:/Nora/cmod_a7_projects/blabla/blabla.srcs/sources_1/bd/design_1/ip/design_1_xadc_wiz_0_0/proc_common_v3_30_a/hdl/src/vhdl/design_1_xadc_wiz_0_0_pselect_f.vhd:167]
INFO: [Synth 8-638] synthesizing module 'design_1_xadc_wiz_0_0_pselect_f__parameterized8' [d:/Nora/cmod_a7_projects/blabla/blabla.srcs/sources_1/bd/design_1/ip/design_1_xadc_wiz_0_0/proc_common_v3_30_a/hdl/src/vhdl/design_1_xadc_wiz_0_0_pselect_f.vhd:167]
INFO: [Synth 8-256] done synthesizing module 'design_1_xadc_wiz_0_0_pselect_f__parameterized8' (1#1) [d:/Nora/cmod_a7_projects/blabla/blabla.srcs/sources_1/bd/design_1/ip/design_1_xadc_wiz_0_0/proc_common_v3_30_a/hdl/src/vhdl/design_1_xadc_wiz_0_0_pselect_f.vhd:167]
INFO: [Synth 8-638] synthesizing module 'design_1_xadc_wiz_0_0_pselect_f__parameterized9' [d:/Nora/cmod_a7_projects/blabla/blabla.srcs/sources_1/bd/design_1/ip/design_1_xadc_wiz_0_0/proc_common_v3_30_a/hdl/src/vhdl/design_1_xadc_wiz_0_0_pselect_f.vhd:167]
INFO: [Synth 8-256] done synthesizing module 'design_1_xadc_wiz_0_0_pselect_f__parameterized9' (1#1) [d:/Nora/cmod_a7_projects/blabla/blabla.srcs/sources_1/bd/design_1/ip/design_1_xadc_wiz_0_0/proc_common_v3_30_a/hdl/src/vhdl/design_1_xadc_wiz_0_0_pselect_f.vhd:167]
INFO: [Synth 8-638] synthesizing module 'design_1_xadc_wiz_0_0_pselect_f__parameterized10' [d:/Nora/cmod_a7_projects/blabla/blabla.srcs/sources_1/bd/design_1/ip/design_1_xadc_wiz_0_0/proc_common_v3_30_a/hdl/src/vhdl/design_1_xadc_wiz_0_0_pselect_f.vhd:167]
INFO: [Synth 8-256] done synthesizing module 'design_1_xadc_wiz_0_0_pselect_f__parameterized10' (1#1) [d:/Nora/cmod_a7_projects/blabla/blabla.srcs/sources_1/bd/design_1/ip/design_1_xadc_wiz_0_0/proc_common_v3_30_a/hdl/src/vhdl/design_1_xadc_wiz_0_0_pselect_f.vhd:167]
INFO: [Synth 8-638] synthesizing module 'design_1_xadc_wiz_0_0_pselect_f__parameterized11' [d:/Nora/cmod_a7_projects/blabla/blabla.srcs/sources_1/bd/design_1/ip/design_1_xadc_wiz_0_0/proc_common_v3_30_a/hdl/src/vhdl/design_1_xadc_wiz_0_0_pselect_f.vhd:167]
INFO: [Synth 8-256] done synthesizing module 'design_1_xadc_wiz_0_0_pselect_f__parameterized11' (1#1) [d:/Nora/cmod_a7_projects/blabla/blabla.srcs/sources_1/bd/design_1/ip/design_1_xadc_wiz_0_0/proc_common_v3_30_a/hdl/src/vhdl/design_1_xadc_wiz_0_0_pselect_f.vhd:167]
INFO: [Synth 8-638] synthesizing module 'design_1_xadc_wiz_0_0_pselect_f__parameterized12' [d:/Nora/cmod_a7_projects/blabla/blabla.srcs/sources_1/bd/design_1/ip/design_1_xadc_wiz_0_0/proc_common_v3_30_a/hdl/src/vhdl/design_1_xadc_wiz_0_0_pselect_f.vhd:167]
INFO: [Synth 8-256] done synthesizing module 'design_1_xadc_wiz_0_0_pselect_f__parameterized12' (1#1) [d:/Nora/cmod_a7_projects/blabla/blabla.srcs/sources_1/bd/design_1/ip/design_1_xadc_wiz_0_0/proc_common_v3_30_a/hdl/src/vhdl/design_1_xadc_wiz_0_0_pselect_f.vhd:167]
INFO: [Synth 8-638] synthesizing module 'design_1_xadc_wiz_0_0_pselect_f__parameterized13' [d:/Nora/cmod_a7_projects/blabla/blabla.srcs/sources_1/bd/design_1/ip/design_1_xadc_wiz_0_0/proc_common_v3_30_a/hdl/src/vhdl/design_1_xadc_wiz_0_0_pselect_f.vhd:167]
INFO: [Synth 8-256] done synthesizing module 'design_1_xadc_wiz_0_0_pselect_f__parameterized13' (1#1) [d:/Nora/cmod_a7_projects/blabla/blabla.srcs/sources_1/bd/design_1/ip/design_1_xadc_wiz_0_0/proc_common_v3_30_a/hdl/src/vhdl/design_1_xadc_wiz_0_0_pselect_f.vhd:167]
INFO: [Synth 8-638] synthesizing module 'design_1_xadc_wiz_0_0_pselect_f__parameterized14' [d:/Nora/cmod_a7_projects/blabla/blabla.srcs/sources_1/bd/design_1/ip/design_1_xadc_wiz_0_0/proc_common_v3_30_a/hdl/src/vhdl/design_1_xadc_wiz_0_0_pselect_f.vhd:167]
INFO: [Synth 8-256] done synthesizing module 'design_1_xadc_wiz_0_0_pselect_f__parameterized14' (1#1) [d:/Nora/cmod_a7_projects/blabla/blabla.srcs/sources_1/bd/design_1/ip/design_1_xadc_wiz_0_0/proc_common_v3_30_a/hdl/src/vhdl/design_1_xadc_wiz_0_0_pselect_f.vhd:167]
INFO: [Synth 8-638] synthesizing module 'design_1_xadc_wiz_0_0_pselect_f__parameterized15' [d:/Nora/cmod_a7_projects/blabla/blabla.srcs/sources_1/bd/design_1/ip/design_1_xadc_wiz_0_0/proc_common_v3_30_a/hdl/src/vhdl/design_1_xadc_wiz_0_0_pselect_f.vhd:167]
INFO: [Synth 8-256] done synthesizing module 'design_1_xadc_wiz_0_0_pselect_f__parameterized15' (1#1) [d:/Nora/cmod_a7_projects/blabla/blabla.srcs/sources_1/bd/design_1/ip/design_1_xadc_wiz_0_0/proc_common_v3_30_a/hdl/src/vhdl/design_1_xadc_wiz_0_0_pselect_f.vhd:167]
INFO: [Synth 8-638] synthesizing module 'design_1_xadc_wiz_0_0_pselect_f__parameterized16' [d:/Nora/cmod_a7_projects/blabla/blabla.srcs/sources_1/bd/design_1/ip/design_1_xadc_wiz_0_0/proc_common_v3_30_a/hdl/src/vhdl/design_1_xadc_wiz_0_0_pselect_f.vhd:167]
INFO: [Synth 8-256] done synthesizing module 'design_1_xadc_wiz_0_0_pselect_f__parameterized16' (1#1) [d:/Nora/cmod_a7_projects/blabla/blabla.srcs/sources_1/bd/design_1/ip/design_1_xadc_wiz_0_0/proc_common_v3_30_a/hdl/src/vhdl/design_1_xadc_wiz_0_0_pselect_f.vhd:167]
INFO: [Synth 8-638] synthesizing module 'design_1_xadc_wiz_0_0_pselect_f__parameterized17' [d:/Nora/cmod_a7_projects/blabla/blabla.srcs/sources_1/bd/design_1/ip/design_1_xadc_wiz_0_0/proc_common_v3_30_a/hdl/src/vhdl/design_1_xadc_wiz_0_0_pselect_f.vhd:167]
INFO: [Synth 8-256] done synthesizing module 'design_1_xadc_wiz_0_0_pselect_f__parameterized17' (1#1) [d:/Nora/cmod_a7_projects/blabla/blabla.srcs/sources_1/bd/design_1/ip/design_1_xadc_wiz_0_0/proc_common_v3_30_a/hdl/src/vhdl/design_1_xadc_wiz_0_0_pselect_f.vhd:167]
INFO: [Synth 8-638] synthesizing module 'design_1_xadc_wiz_0_0_pselect_f__parameterized18' [d:/Nora/cmod_a7_projects/blabla/blabla.srcs/sources_1/bd/design_1/ip/design_1_xadc_wiz_0_0/proc_common_v3_30_a/hdl/src/vhdl/design_1_xadc_wiz_0_0_pselect_f.vhd:167]
INFO: [Synth 8-256] done synthesizing module 'design_1_xadc_wiz_0_0_pselect_f__parameterized18' (1#1) [d:/Nora/cmod_a7_projects/blabla/blabla.srcs/sources_1/bd/design_1/ip/design_1_xadc_wiz_0_0/proc_common_v3_30_a/hdl/src/vhdl/design_1_xadc_wiz_0_0_pselect_f.vhd:167]
INFO: [Synth 8-638] synthesizing module 'design_1_xadc_wiz_0_0_pselect_f__parameterized19' [d:/Nora/cmod_a7_projects/blabla/blabla.srcs/sources_1/bd/design_1/ip/design_1_xadc_wiz_0_0/proc_common_v3_30_a/hdl/src/vhdl/design_1_xadc_wiz_0_0_pselect_f.vhd:167]
INFO: [Synth 8-256] done synthesizing module 'design_1_xadc_wiz_0_0_pselect_f__parameterized19' (1#1) [d:/Nora/cmod_a7_projects/blabla/blabla.srcs/sources_1/bd/design_1/ip/design_1_xadc_wiz_0_0/proc_common_v3_30_a/hdl/src/vhdl/design_1_xadc_wiz_0_0_pselect_f.vhd:167]
INFO: [Synth 8-638] synthesizing module 'design_1_xadc_wiz_0_0_pselect_f__parameterized20' [d:/Nora/cmod_a7_projects/blabla/blabla.srcs/sources_1/bd/design_1/ip/design_1_xadc_wiz_0_0/proc_common_v3_30_a/hdl/src/vhdl/design_1_xadc_wiz_0_0_pselect_f.vhd:167]
INFO: [Synth 8-256] done synthesizing module 'design_1_xadc_wiz_0_0_pselect_f__parameterized20' (1#1) [d:/Nora/cmod_a7_projects/blabla/blabla.srcs/sources_1/bd/design_1/ip/design_1_xadc_wiz_0_0/proc_common_v3_30_a/hdl/src/vhdl/design_1_xadc_wiz_0_0_pselect_f.vhd:167]
INFO: [Synth 8-638] synthesizing module 'design_1_xadc_wiz_0_0_pselect_f__parameterized21' [d:/Nora/cmod_a7_projects/blabla/blabla.srcs/sources_1/bd/design_1/ip/design_1_xadc_wiz_0_0/proc_common_v3_30_a/hdl/src/vhdl/design_1_xadc_wiz_0_0_pselect_f.vhd:167]
INFO: [Synth 8-256] done synthesizing module 'design_1_xadc_wiz_0_0_pselect_f__parameterized21' (1#1) [d:/Nora/cmod_a7_projects/blabla/blabla.srcs/sources_1/bd/design_1/ip/design_1_xadc_wiz_0_0/proc_common_v3_30_a/hdl/src/vhdl/design_1_xadc_wiz_0_0_pselect_f.vhd:167]
INFO: [Synth 8-638] synthesizing module 'design_1_xadc_wiz_0_0_pselect_f__parameterized22' [d:/Nora/cmod_a7_projects/blabla/blabla.srcs/sources_1/bd/design_1/ip/design_1_xadc_wiz_0_0/proc_common_v3_30_a/hdl/src/vhdl/design_1_xadc_wiz_0_0_pselect_f.vhd:167]
INFO: [Synth 8-256] done synthesizing module 'design_1_xadc_wiz_0_0_pselect_f__parameterized22' (1#1) [d:/Nora/cmod_a7_projects/blabla/blabla.srcs/sources_1/bd/design_1/ip/design_1_xadc_wiz_0_0/proc_common_v3_30_a/hdl/src/vhdl/design_1_xadc_wiz_0_0_pselect_f.vhd:167]
INFO: [Synth 8-638] synthesizing module 'design_1_xadc_wiz_0_0_pselect_f__parameterized23' [d:/Nora/cmod_a7_projects/blabla/blabla.srcs/sources_1/bd/design_1/ip/design_1_xadc_wiz_0_0/proc_common_v3_30_a/hdl/src/vhdl/design_1_xadc_wiz_0_0_pselect_f.vhd:167]
INFO: [Synth 8-256] done synthesizing module 'design_1_xadc_wiz_0_0_pselect_f__parameterized23' (1#1) [d:/Nora/cmod_a7_projects/blabla/blabla.srcs/sources_1/bd/design_1/ip/design_1_xadc_wiz_0_0/proc_common_v3_30_a/hdl/src/vhdl/design_1_xadc_wiz_0_0_pselect_f.vhd:167]
INFO: [Synth 8-638] synthesizing module 'design_1_xadc_wiz_0_0_pselect_f__parameterized24' [d:/Nora/cmod_a7_projects/blabla/blabla.srcs/sources_1/bd/design_1/ip/design_1_xadc_wiz_0_0/proc_common_v3_30_a/hdl/src/vhdl/design_1_xadc_wiz_0_0_pselect_f.vhd:167]
INFO: [Synth 8-256] done synthesizing module 'design_1_xadc_wiz_0_0_pselect_f__parameterized24' (1#1) [d:/Nora/cmod_a7_projects/blabla/blabla.srcs/sources_1/bd/design_1/ip/design_1_xadc_wiz_0_0/proc_common_v3_30_a/hdl/src/vhdl/design_1_xadc_wiz_0_0_pselect_f.vhd:167]
INFO: [Synth 8-638] synthesizing module 'design_1_xadc_wiz_0_0_pselect_f__parameterized25' [d:/Nora/cmod_a7_projects/blabla/blabla.srcs/sources_1/bd/design_1/ip/design_1_xadc_wiz_0_0/proc_common_v3_30_a/hdl/src/vhdl/design_1_xadc_wiz_0_0_pselect_f.vhd:167]
INFO: [Synth 8-256] done synthesizing module 'design_1_xadc_wiz_0_0_pselect_f__parameterized25' (1#1) [d:/Nora/cmod_a7_projects/blabla/blabla.srcs/sources_1/bd/design_1/ip/design_1_xadc_wiz_0_0/proc_common_v3_30_a/hdl/src/vhdl/design_1_xadc_wiz_0_0_pselect_f.vhd:167]
INFO: [Synth 8-256] done synthesizing module 'design_1_xadc_wiz_0_0_address_decoder' (2#1) [d:/Nora/cmod_a7_projects/blabla/blabla.srcs/sources_1/bd/design_1/ip/design_1_xadc_wiz_0_0/axi_lite_ipif_v1_01_a/hdl/src/vhdl/design_1_xadc_wiz_0_0_address_decoder.vhd:176]
INFO: [Synth 8-256] done synthesizing module 'design_1_xadc_wiz_0_0_slave_attachment' (3#1) [d:/Nora/cmod_a7_projects/blabla/blabla.srcs/sources_1/bd/design_1/ip/design_1_xadc_wiz_0_0/axi_lite_ipif_v1_01_a/hdl/src/vhdl/design_1_xadc_wiz_0_0_slave_attachment.vhd:227]
INFO: [Synth 8-256] done synthesizing module 'design_1_xadc_wiz_0_0_axi_lite_ipif' (4#1) [d:/Nora/cmod_a7_projects/blabla/blabla.srcs/sources_1/bd/design_1/ip/design_1_xadc_wiz_0_0/axi_lite_ipif_v1_01_a/hdl/src/vhdl/design_1_xadc_wiz_0_0_axi_lite_ipif.vhd:241]
INFO: [Synth 8-638] synthesizing module 'design_1_xadc_wiz_0_0_xadc_core_drp' [d:/Nora/cmod_a7_projects/blabla/blabla.srcs/sources_1/bd/design_1/ip/design_1_xadc_wiz_0_0/design_1_xadc_wiz_0_0_xadc_core_drp.vhd:188]
INFO: [Synth 8-256] done synthesizing module 'design_1_xadc_wiz_0_0_xadc_core_drp' (5#1) [d:/Nora/cmod_a7_projects/blabla/blabla.srcs/sources_1/bd/design_1/ip/design_1_xadc_wiz_0_0/design_1_xadc_wiz_0_0_xadc_core_drp.vhd:188]
INFO: [Synth 8-638] synthesizing module 'design_1_xadc_wiz_0_0_soft_reset' [d:/Nora/cmod_a7_projects/blabla/blabla.srcs/sources_1/bd/design_1/ip/design_1_xadc_wiz_0_0/proc_common_v3_30_a/hdl/src/vhdl/design_1_xadc_wiz_0_0_soft_reset.vhd:142]
INFO: [Synth 8-256] done synthesizing module 'design_1_xadc_wiz_0_0_soft_reset' (6#1) [d:/Nora/cmod_a7_projects/blabla/blabla.srcs/sources_1/bd/design_1/ip/design_1_xadc_wiz_0_0/proc_common_v3_30_a/hdl/src/vhdl/design_1_xadc_wiz_0_0_soft_reset.vhd:142]
INFO: [Synth 8-638] synthesizing module 'design_1_xadc_wiz_0_0_interrupt_control' [d:/Nora/cmod_a7_projects/blabla/blabla.srcs/sources_1/bd/design_1/ip/design_1_xadc_wiz_0_0/interrupt_control_v2_01_a/hdl/src/vhdl/design_1_xadc_wiz_0_0_interrupt_control.vhd:240]
INFO: [Synth 8-256] done synthesizing module 'design_1_xadc_wiz_0_0_interrupt_control' (7#1) [d:/Nora/cmod_a7_projects/blabla/blabla.srcs/sources_1/bd/design_1/ip/design_1_xadc_wiz_0_0/interrupt_control_v2_01_a/hdl/src/vhdl/design_1_xadc_wiz_0_0_interrupt_control.vhd:240]
INFO: [Synth 8-256] done synthesizing module 'design_1_xadc_wiz_0_0_axi_xadc' (8#1) [d:/Nora/cmod_a7_projects/blabla/blabla.srcs/sources_1/bd/design_1/ip/design_1_xadc_wiz_0_0/design_1_xadc_wiz_0_0_axi_xadc.vhd:240]
INFO: [Synth 8-256] done synthesizing module 'design_1_xadc_wiz_0_0' (9#1) [d:/Nora/cmod_a7_projects/blabla/blabla.srcs/sources_1/bd/design_1/ip/design_1_xadc_wiz_0_0/design_1_xadc_wiz_0_0.vhd:102]
Finished RTL Elaboration : Time (s): cpu = 00:00:12 ; elapsed = 00:00:12 . Memory (MB): peak = 423.379 ; gain = 212.930
Finished RTL Optimization Phase 1 : Time (s): cpu = 00:00:12 ; elapsed = 00:00:13 . Memory (MB): peak = 423.379 ; gain = 212.930
INFO: [Device 21-403] Loading part xc7a15tcpg236-1
Constraint Validation Runtime : Time (s): cpu = 00:00:00 ; elapsed = 00:00:00.020 . Memory (MB): peak = 688.594 ; gain = 0.000
Finished Constraint Validation : Time (s): cpu = 00:00:18 ; elapsed = 00:00:19 . Memory (MB): peak = 688.594 ; gain = 478.145
Finished Loading Part and Timing Information : Time (s): cpu = 00:00:18 ; elapsed = 00:00:19 . Memory (MB): peak = 688.594 ; gain = 478.145
Finished applying 'set_property' XDC Constraints : Time (s): cpu = 00:00:18 ; elapsed = 00:00:19 . Memory (MB): peak = 688.594 ; gain = 478.145
Finished RTL Optimization Phase 2 : Time (s): cpu = 00:00:18 ; elapsed = 00:00:19 . Memory (MB): peak = 688.594 ; gain = 478.145
Finished Cross Boundary and Area Optimization : Time (s): cpu = 00:00:20 ; elapsed = 00:00:20 . Memory (MB): peak = 688.594 ; gain = 478.145
Finished Applying XDC Timing Constraints : Time (s): cpu = 00:00:26 ; elapsed = 00:00:27 . Memory (MB): peak = 688.594 ; gain = 478.145
Finished Timing Optimization : Time (s): cpu = 00:00:27 ; elapsed = 00:00:28 . Memory (MB): peak = 688.594 ; gain = 478.145
Finished Technology Mapping : Time (s): cpu = 00:00:27 ; elapsed = 00:00:28 . Memory (MB): peak = 688.594 ; gain = 478.145
Finished IO Insertion : Time (s): cpu = 00:00:27 ; elapsed = 00:00:28 . Memory (MB): peak = 688.594 ; gain = 478.145
Finished Renaming Generated Instances : Time (s): cpu = 00:00:27 ; elapsed = 00:00:28 . Memory (MB): peak = 688.594 ; gain = 478.145
Finished Rebuilding User Hierarchy : Time (s): cpu = 00:00:27 ; elapsed = 00:00:28 . Memory (MB): peak = 688.594 ; gain = 478.145
Finished Renaming Generated Ports : Time (s): cpu = 00:00:27 ; elapsed = 00:00:28 . Memory (MB): peak = 688.594 ; gain = 478.145
Finished Handling Custom Attributes : Time (s): cpu = 00:00:27 ; elapsed = 00:00:28 . Memory (MB): peak = 688.594 ; gain = 478.145
Finished Renaming Generated Nets : Time (s): cpu = 00:00:27 ; elapsed = 00:00:28 . Memory (MB): peak = 688.594 ; gain = 478.145

Report Cell Usage: 
+------+-----+------+
|      |Cell |Count |
+------+-----+------+
|1     |LUT1 |     2|
|2     |LUT2 |    37|
|3     |LUT3 |    23|
|4     |LUT4 |    21|
|5     |LUT5 |    50|
|6     |LUT6 |    63|
|7     |XADC |     1|
|8     |FDRE |   205|
|9     |FDSE |    30|
+------+-----+------+
Finished Writing Synthesis Report : Time (s): cpu = 00:00:27 ; elapsed = 00:00:28 . Memory (MB): peak = 688.594 ; gain = 478.145
synth_design: Time (s): cpu = 00:00:24 ; elapsed = 00:00:26 . Memory (MB): peak = 688.594 ; gain = 416.168
