#-----------------------------------------------------------
# Webtalk v2017.4 (64-bit)
# SW Build 2086221 on Fri Dec 15 20:55:39 MST 2017
# 
# Start of session at: Wed Feb  7 19:16:24 2018
# Process ID: 7148
# Current directory: D:/Nora/Intan_project/uart_to_spim/uart_to_spim.sdk/webtalk
# Command line: wbtcv.exe -mode batch -source sdk_webtalk.tcl
# Log file: D:/Nora/Intan_project/uart_to_spim/uart_to_spim.sdk/webtalk/webtalk.log
# Journal file: D:/Nora/Intan_project/uart_to_spim/uart_to_spim.sdk/webtalk\webtalk.jou
#-----------------------------------------------------------
source sdk_webtalk.tcl
# webtalk_init -webtalk_dir D:\\Nora\\Intan_project\\uart_to_spim\\uart_to_spim.sdk\\webtalk
# webtalk_register_client -client project
# webtalk_add_data -client project -key date_generated -value "2018-02-07 19:16:23" -context "software_version_and_target_device"
# webtalk_add_data -client project -key product_version -value "SDK v2017.4" -context "software_version_and_target_device"
# webtalk_add_data -client project -key build_version -value "2017.4" -context "software_version_and_target_device"
# webtalk_add_data -client project -key os_platform -value "amd64" -context "software_version_and_target_device"
# webtalk_add_data -client project -key registration_id -value "" -context "software_version_and_target_device"
# webtalk_add_data -client project -key tool_flow -value "SDK" -context "software_version_and_target_device"
# webtalk_add_data -client project -key beta -value "false" -context "software_version_and_target_device"
# webtalk_add_data -client project -key route_design -value "NA" -context "software_version_and_target_device"
# webtalk_add_data -client project -key target_family -value "NA" -context "software_version_and_target_device"
# webtalk_add_data -client project -key target_device -value "NA" -context "software_version_and_target_device"
# webtalk_add_data -client project -key target_package -value "NA" -context "software_version_and_target_device"
# webtalk_add_data -client project -key target_speed -value "NA" -context "software_version_and_target_device"
# webtalk_add_data -client project -key random_id -value "fnvjcg41romraojs3rnniiijqp" -context "software_version_and_target_device"
# webtalk_add_data -client project -key project_id -value "2017.4_17" -context "software_version_and_target_device"
# webtalk_add_data -client project -key project_iteration -value "17" -context "software_version_and_target_device"
# webtalk_add_data -client project -key os_name -value "Microsoft Windows 7 , 64-bit" -context "user_environment"
# webtalk_add_data -client project -key os_release -value "Service Pack 1  (build 7601)" -context "user_environment"
# webtalk_add_data -client project -key cpu_name -value "Intel(R) Core(TM) i7-6770HQ CPU @ 2.60GHz" -context "user_environment"
# webtalk_add_data -client project -key cpu_speed -value "2592 MHz" -context "user_environment"
# webtalk_add_data -client project -key total_processors -value "1" -context "user_environment"
# webtalk_add_data -client project -key system_ram -value "34.243 GB" -context "user_environment"
# webtalk_register_client -client sdk
# webtalk_add_data -client sdk -key uid -value "1518009424994" -context "sdk\\\\bsp/1518009424994"
# webtalk_add_data -client sdk -key hwid -value "1517512765173" -context "sdk\\\\bsp/1518009424994"
# webtalk_add_data -client sdk -key os -value "standalone" -context "sdk\\\\bsp/1518009424994"
# webtalk_add_data -client sdk -key apptemplate -value "hello_world" -context "sdk\\\\bsp/1518009424994"
# webtalk_add_data -client sdk -key RecordType -value "BSPCreation" -context "sdk\\\\bsp/1518009424994"
# webtalk_add_data -client sdk -key uid -value "1518009427513" -context "sdk\\\\application/1518009427513"
# webtalk_add_data -client sdk -key hwid -value "1517512765173" -context "sdk\\\\application/1518009427513"
# webtalk_add_data -client sdk -key bspid -value "1518009424994" -context "sdk\\\\application/1518009427513"
# webtalk_add_data -client sdk -key newbsp -value "true" -context "sdk\\\\application/1518009427513"
# webtalk_add_data -client sdk -key os -value "standalone" -context "sdk\\\\application/1518009427513"
# webtalk_add_data -client sdk -key apptemplate -value "hello_world" -context "sdk\\\\application/1518009427513"
# webtalk_add_data -client sdk -key RecordType -value "APPCreation" -context "sdk\\\\application/1518009427513"
# webtalk_add_data -client sdk -key LangUsed -value "C" -context "sdk\\\\application/1518009427513"
# webtalk_add_data -client sdk -key Procused -value "microblaze" -context "sdk\\\\application/1518009427513"
# webtalk_add_data -client sdk -key projSize -value "68.484375" -context "sdk\\\\application/1518009427513"
# webtalk_add_data -client sdk -key uid -value "NA" -context "sdk\\\\bsp/1518023783625"
# webtalk_add_data -client sdk -key RecordType -value "ToolUsage" -context "sdk\\\\bsp/1518023783625"
# webtalk_add_data -client sdk -key BootgenCount -value "0" -context "sdk\\\\bsp/1518023783625"
# webtalk_add_data -client sdk -key DebugCount -value "77" -context "sdk\\\\bsp/1518023783625"
# webtalk_add_data -client sdk -key PerfCount -value "0" -context "sdk\\\\bsp/1518023783625"
# webtalk_add_data -client sdk -key FlashCount -value "0" -context "sdk\\\\bsp/1518023783625"
# webtalk_add_data -client sdk -key CrossTriggCount -value "0" -context "sdk\\\\bsp/1518023783625"
# webtalk_add_data -client sdk -key QemuDebugCount -value "0" -context "sdk\\\\bsp/1518023783625"
# webtalk_transmit -clientid 3770548483 -regid "" -xml D:\\Nora\\Intan_project\\uart_to_spim\\uart_to_spim.sdk\\webtalk\\usage_statistics_ext_sdk.xml -html D:\\Nora\\Intan_project\\uart_to_spim\\uart_to_spim.sdk\\webtalk\\usage_statistics_ext_sdk.html -wdm D:\\Nora\\Intan_project\\uart_to_spim\\uart_to_spim.sdk\\webtalk\\sdk_webtalk.wdm -intro "<H3>SDK Usage Report</H3><BR>"
# webtalk_terminate
INFO: [Common 17-206] Exiting Webtalk at Wed Feb  7 19:16:24 2018...
