#-----------------------------------------------------------
# Vivado v2016.3 (64-bit)
# SW Build 1682563 on Mon Oct 10 19:07:27 MDT 2016
# IP Build 1681267 on Mon Oct 10 21:28:31 MDT 2016
# Start of session at: Thu Dec 15 16:38:41 2016
# Process ID: 5404
# Current directory: D:/Nora/cmod_a7_projects/mux_adc/mux_adc
# Command line: vivado.exe -gui_launcher_event rodinguilauncherevent10116 D:\Nora\cmod_a7_projects\mux_adc\mux_adc\mux_adc.xpr
# Log file: D:/Nora/cmod_a7_projects/mux_adc/mux_adc/vivado.log
# Journal file: D:/Nora/cmod_a7_projects/mux_adc/mux_adc\vivado.jou
#-----------------------------------------------------------
start_gui
open_project D:/Nora/cmod_a7_projects/mux_adc/mux_adc/mux_adc.xpr
Scanning sources...
Finished scanning sources
INFO: [IP_Flow 19-234] Refreshing IP repositories
INFO: [IP_Flow 19-1704] No user IP repositories specified
INFO: [IP_Flow 19-2313] Loaded Vivado IP repository 'D:/Vivado/2016.3/data/ip'.
open_project: Time (s): cpu = 00:00:11 ; elapsed = 00:00:06 . Memory (MB): peak = 934.398 ; gain = 239.449
exit
INFO: [Common 17-206] Exiting Vivado at Thu Dec 15 16:39:06 2016...
