
*** Running vivado
    with args -log design_1_microblaze_0_2.vds -m64 -product Vivado -mode batch -messageDb vivado.pb -notrace -source design_1_microblaze_0_2.tcl


****** Vivado v2016.3 (64-bit)
  **** SW Build 1682563 on Mon Oct 10 19:07:27 MDT 2016
  **** IP Build 1681267 on Mon Oct 10 21:28:31 MDT 2016
    ** Copyright 1986-2016 Xilinx, Inc. All Rights Reserved.

source design_1_microblaze_0_2.tcl -notrace
Starting RTL Elaboration : Time (s): cpu = 00:00:07 ; elapsed = 00:00:07 . Memory (MB): peak = 354.359 ; gain = 144.094
INFO: [Synth 8-638] synthesizing module 'design_1_microblaze_0_2' [d:/Nora/cmod_a7_projects/blabla/blabla.srcs/sources_1/bd/design_1/ip/design_1_microblaze_0_2/synth/design_1_microblaze_0_2.vhd:190]
INFO: [Synth 8-256] done synthesizing module 'design_1_microblaze_0_2' (63#1) [d:/Nora/cmod_a7_projects/blabla/blabla.srcs/sources_1/bd/design_1/ip/design_1_microblaze_0_2/synth/design_1_microblaze_0_2.vhd:190]
Finished RTL Elaboration : Time (s): cpu = 00:00:14 ; elapsed = 00:00:14 . Memory (MB): peak = 554.402 ; gain = 344.137
Finished RTL Optimization Phase 1 : Time (s): cpu = 00:00:15 ; elapsed = 00:00:15 . Memory (MB): peak = 554.402 ; gain = 344.137
INFO: [Device 21-403] Loading part xc7a15tcpg236-1
Constraint Validation Runtime : Time (s): cpu = 00:00:00 ; elapsed = 00:00:00.316 . Memory (MB): peak = 785.129 ; gain = 1.656
Finished Constraint Validation : Time (s): cpu = 00:00:24 ; elapsed = 00:00:24 . Memory (MB): peak = 785.129 ; gain = 574.863
Finished Loading Part and Timing Information : Time (s): cpu = 00:00:24 ; elapsed = 00:00:24 . Memory (MB): peak = 785.129 ; gain = 574.863
Finished applying 'set_property' XDC Constraints : Time (s): cpu = 00:00:24 ; elapsed = 00:00:24 . Memory (MB): peak = 785.129 ; gain = 574.863
Finished RTL Optimization Phase 2 : Time (s): cpu = 00:00:28 ; elapsed = 00:00:29 . Memory (MB): peak = 785.129 ; gain = 574.863
Finished Cross Boundary and Area Optimization : Time (s): cpu = 00:00:45 ; elapsed = 00:00:46 . Memory (MB): peak = 785.129 ; gain = 574.863
Finished Applying XDC Timing Constraints : Time (s): cpu = 00:00:52 ; elapsed = 00:00:53 . Memory (MB): peak = 785.129 ; gain = 574.863
Finished Timing Optimization : Time (s): cpu = 00:00:54 ; elapsed = 00:00:55 . Memory (MB): peak = 785.129 ; gain = 574.863
Finished Technology Mapping : Time (s): cpu = 00:00:56 ; elapsed = 00:00:57 . Memory (MB): peak = 785.129 ; gain = 574.863
Finished IO Insertion : Time (s): cpu = 00:00:57 ; elapsed = 00:00:58 . Memory (MB): peak = 785.129 ; gain = 574.863
Finished Renaming Generated Instances : Time (s): cpu = 00:00:57 ; elapsed = 00:00:58 . Memory (MB): peak = 785.129 ; gain = 574.863
Finished Rebuilding User Hierarchy : Time (s): cpu = 00:00:57 ; elapsed = 00:00:58 . Memory (MB): peak = 785.129 ; gain = 574.863
Finished Renaming Generated Ports : Time (s): cpu = 00:00:57 ; elapsed = 00:00:58 . Memory (MB): peak = 785.129 ; gain = 574.863
Finished Handling Custom Attributes : Time (s): cpu = 00:00:57 ; elapsed = 00:00:58 . Memory (MB): peak = 785.129 ; gain = 574.863
Finished Renaming Generated Nets : Time (s): cpu = 00:00:57 ; elapsed = 00:00:58 . Memory (MB): peak = 785.129 ; gain = 574.863

Report Cell Usage: 
+------+-----------+------+
|      |Cell       |Count |
+------+-----------+------+
|1     |AND2B1L    |     4|
|2     |CARRY4     |     1|
|3     |LUT1       |    34|
|4     |LUT2       |    94|
|5     |LUT3       |   334|
|6     |LUT4       |   174|
|7     |LUT5       |   332|
|8     |LUT6       |   512|
|9     |LUT6_2     |    64|
|10    |MULT_AND   |     1|
|11    |MUXCY_L    |   169|
|12    |MUXF7      |   120|
|13    |MUXF8      |     4|
|14    |RAM32M     |    16|
|15    |RAM32X1D   |    32|
|16    |RAMB36E1   |     2|
|17    |RAMB36E1_1 |     8|
|18    |SRL16E     |   170|
|19    |SRLC16E    |     8|
|20    |XORCY      |    94|
|21    |FDCE       |   143|
|22    |FDE        |    32|
|23    |FDR        |   123|
|24    |FDRE       |  1749|
|25    |FDS        |     1|
|26    |FDSE       |    60|
+------+-----------+------+
Finished Writing Synthesis Report : Time (s): cpu = 00:00:57 ; elapsed = 00:00:58 . Memory (MB): peak = 785.129 ; gain = 574.863
synth_design: Time (s): cpu = 00:00:58 ; elapsed = 00:01:00 . Memory (MB): peak = 1180.008 ; gain = 907.688
