#-----------------------------------------------------------
# Webtalk v2016.3 (64-bit)
# SW Build 1682563 on Mon Oct 10 19:07:27 MDT 2016
# 
# Start of session at: Tue Dec 13 22:55:32 2016
# Process ID: 9360
# Current directory: D:/Nora/cmod_a7_projects/blabla/blabla.sdk/webtalk
# Command line: wbtcv.exe -mode batch -source sdk_webtalk.tcl
# Log file: D:/Nora/cmod_a7_projects/blabla/blabla.sdk/webtalk/webtalk.log
# Journal file: D:/Nora/cmod_a7_projects/blabla/blabla.sdk/webtalk\webtalk.jou
#-----------------------------------------------------------
source sdk_webtalk.tcl
# webtalk_init -webtalk_dir D:\\Nora\\cmod_a7_projects\\blabla\\blabla.sdk\\webtalk
# webtalk_register_client -client project
# webtalk_add_data -client project -key date_generated -value "2016-12-13 22:55:32" -context "software_version_and_target_device"
# webtalk_add_data -client project -key product_version -value "SDK v2016.3" -context "software_version_and_target_device"
# webtalk_add_data -client project -key build_version -value "2016.3" -context "software_version_and_target_device"
# webtalk_add_data -client project -key os_platform -value "amd64" -context "software_version_and_target_device"
# webtalk_add_data -client project -key registration_id -value "" -context "software_version_and_target_device"
# webtalk_add_data -client project -key tool_flow -value "SDK" -context "software_version_and_target_device"
# webtalk_add_data -client project -key beta -value "false" -context "software_version_and_target_device"
# webtalk_add_data -client project -key route_design -value "NA" -context "software_version_and_target_device"
# webtalk_add_data -client project -key target_family -value "NA" -context "software_version_and_target_device"
# webtalk_add_data -client project -key target_device -value "NA" -context "software_version_and_target_device"
# webtalk_add_data -client project -key target_package -value "NA" -context "software_version_and_target_device"
# webtalk_add_data -client project -key target_speed -value "NA" -context "software_version_and_target_device"
# webtalk_add_data -client project -key random_id -value "dddmn94tsvbtsq2286gtg2roq5" -context "software_version_and_target_device"
# webtalk_add_data -client project -key project_id -value "2016.3_32" -context "software_version_and_target_device"
# webtalk_add_data -client project -key project_iteration -value "32" -context "software_version_and_target_device"
# webtalk_add_data -client project -key os_name -value "Microsoft Windows 7 , 64-bit" -context "user_environment"
# webtalk_add_data -client project -key os_release -value "Service Pack 1  (build 7601)" -context "user_environment"
# webtalk_add_data -client project -key cpu_name -value "Intel(R) Core(TM) i7-6700K CPU @ 4.00GHz" -context "user_environment"
# webtalk_add_data -client project -key cpu_speed -value "4008 MHz" -context "user_environment"
# webtalk_add_data -client project -key total_processors -value "1" -context "user_environment"
# webtalk_add_data -client project -key system_ram -value "17.000 GB" -context "user_environment"
# webtalk_register_client -client sdk
# webtalk_add_data -client sdk -key uid -value "1481657854740" -context "sdk\\\\hardware/1481657854740"
# webtalk_add_data -client sdk -key isZynq -value "false" -context "sdk\\\\hardware/1481657854740"
# webtalk_add_data -client sdk -key isZynqMP -value "false" -context "sdk\\\\hardware/1481657854740"
# webtalk_add_data -client sdk -key Processors -value "1" -context "sdk\\\\hardware/1481657854740"
# webtalk_add_data -client sdk -key VivadoVersion -value "2016.3" -context "sdk\\\\hardware/1481657854740"
# webtalk_add_data -client sdk -key Arch -value "artix7" -context "sdk\\\\hardware/1481657854740"
# webtalk_add_data -client sdk -key Device -value "7a15t" -context "sdk\\\\hardware/1481657854740"
# webtalk_add_data -client sdk -key IsHandoff -value "true" -context "sdk\\\\hardware/1481657854740"
# webtalk_add_data -client sdk -key os -value "NA" -context "sdk\\\\hardware/1481657854740"
# webtalk_add_data -client sdk -key apptemplate -value "NA" -context "sdk\\\\hardware/1481657854740"
# webtalk_add_data -client sdk -key RecordType -value "HWCreation" -context "sdk\\\\hardware/1481657854740"
# webtalk_add_data -client sdk -key uid -value "1481657907799" -context "sdk\\\\bsp/1481657907799"
# webtalk_add_data -client sdk -key hwid -value "1481657854740" -context "sdk\\\\bsp/1481657907799"
# webtalk_add_data -client sdk -key os -value "standalone" -context "sdk\\\\bsp/1481657907799"
# webtalk_add_data -client sdk -key apptemplate -value "peripheral_tests" -context "sdk\\\\bsp/1481657907799"
# webtalk_add_data -client sdk -key RecordType -value "BSPCreation" -context "sdk\\\\bsp/1481657907799"
# webtalk_add_data -client sdk -key uid -value "1481657913834" -context "sdk\\\\application/1481657913834"
# webtalk_add_data -client sdk -key hwid -value "1481657854740" -context "sdk\\\\application/1481657913834"
# webtalk_add_data -client sdk -key bspid -value "1481657907799" -context "sdk\\\\application/1481657913834"
# webtalk_add_data -client sdk -key newbsp -value "true" -context "sdk\\\\application/1481657913834"
# webtalk_add_data -client sdk -key os -value "standalone" -context "sdk\\\\application/1481657913834"
# webtalk_add_data -client sdk -key apptemplate -value "peripheral_tests" -context "sdk\\\\application/1481657913834"
# webtalk_add_data -client sdk -key RecordType -value "APPCreation" -context "sdk\\\\application/1481657913834"
# webtalk_add_data -client sdk -key LangUsed -value "C" -context "sdk\\\\application/1481657913834"
# webtalk_add_data -client sdk -key Procused -value "microblaze" -context "sdk\\\\application/1481657913834"
# webtalk_add_data -client sdk -key projSize -value "299.0498046875" -context "sdk\\\\application/1481657913834"
# webtalk_add_data -client sdk -key uid -value "NA" -context "sdk\\\\bsp/1481662532295"
# webtalk_add_data -client sdk -key RecordType -value "ToolUsage" -context "sdk\\\\bsp/1481662532295"
# webtalk_add_data -client sdk -key BootgenCount -value "0" -context "sdk\\\\bsp/1481662532295"
# webtalk_add_data -client sdk -key DebugCount -value "19" -context "sdk\\\\bsp/1481662532295"
# webtalk_add_data -client sdk -key PerfCount -value "0" -context "sdk\\\\bsp/1481662532295"
# webtalk_add_data -client sdk -key FlashCount -value "0" -context "sdk\\\\bsp/1481662532295"
# webtalk_add_data -client sdk -key CrossTriggCount -value "0" -context "sdk\\\\bsp/1481662532295"
# webtalk_add_data -client sdk -key QemuDebugCount -value "0" -context "sdk\\\\bsp/1481662532295"
# webtalk_transmit -clientid 389088979 -regid "" -xml D:\\Nora\\cmod_a7_projects\\blabla\\blabla.sdk\\webtalk\\usage_statistics_ext_sdk.xml -html D:\\Nora\\cmod_a7_projects\\blabla\\blabla.sdk\\webtalk\\usage_statistics_ext_sdk.html -wdm D:\\Nora\\cmod_a7_projects\\blabla\\blabla.sdk\\webtalk\\sdk_webtalk.wdm -intro "<H3>SDK Usage Report</H3><BR>"
INFO: [Common 17-186] 'D:\Nora\cmod_a7_projects\blabla\blabla.sdk\webtalk\usage_statistics_ext_sdk.xml' has been successfully sent to Xilinx on Tue Dec 13 22:55:37 2016. For additional details about this file, please refer to the WebTalk help file at D:/SDK/2016.3/doc/webtalk_introduction.html.
# webtalk_terminate
INFO: [Common 17-206] Exiting Webtalk at Tue Dec 13 22:55:37 2016...
